#
# There is insufficient memory for the Java Runtime Environment to continue.
# Native memory allocation (malloc) failed to allocate 32744 bytes for ChunkPool::allocate
# Possible reasons:
#   The system is out of physical RAM or swap space
#   In 32 bit mode, the process size limit was hit
# Possible solutions:
#   Reduce memory load on the system
#   Increase physical memory or swap space
#   Check if swap backing store is full
#   Use 64 bit Java on a 64 bit OS
#   Decrease Java heap size (-Xmx/-Xms)
#   Decrease number of Java threads
#   Decrease Java thread stack sizes (-Xss)
#   Set larger code cache with -XX:ReservedCodeCacheSize=
# This output file may be truncated or incomplete.
#
#  Out of Memory Error (allocation.cpp:211), pid=8564, tid=3092
#
# JRE version: Java(TM) SE Runtime Environment (7.0_45-b18) (build 1.7.0_45-b18)
# Java VM: Java HotSpot(TM) 64-Bit Server VM (24.45-b08 mixed mode windows-amd64 compressed oops)
# Failed to write core dump. Minidumps are not enabled by default on client versions of Windows
#

---------------  T H R E A D  ---------------

Current thread (0x000000000c3b2000):  JavaThread "C2 CompilerThread0" daemon [_thread_in_native, id=3092, stack(0x000000000d660000,0x000000000d760000)]

Stack: [0x000000000d660000,0x000000000d760000]

Current CompileTask:
C2:1356687 8885             scala.tools.nsc.typechecker.Implicits$ImplicitSearch::scala$tools$nsc$typechecker$Implicits$ImplicitSearch$$getParts$1 (740 bytes)


---------------  P R O C E S S  ---------------

Java Threads: ( => current thread )
  0x00000000127ee800 JavaThread "pool-19-thread-4" [_thread_blocked, id=13748, stack(0x000000000ea50000,0x000000000eb50000)]
  0x00000000127ed800 JavaThread "pool-19-thread-3" [_thread_in_native, id=13796, stack(0x0000000011270000,0x0000000011370000)]
  0x00000000127ed000 JavaThread "pool-19-thread-2" [_thread_blocked, id=9968, stack(0x00000000110d0000,0x00000000111d0000)]
  0x00000000127ec000 JavaThread "pool-19-thread-1" [_thread_blocked, id=10404, stack(0x000000000eb70000,0x000000000ec70000)]
  0x000000000c3c0800 JavaThread "Service Thread" daemon [_thread_blocked, id=4864, stack(0x000000000cce0000,0x000000000cde0000)]
  0x000000000c3bd000 JavaThread "C2 CompilerThread1" daemon [_thread_blocked, id=3004, stack(0x000000000d770000,0x000000000d870000)]
=>0x000000000c3b2000 JavaThread "C2 CompilerThread0" daemon [_thread_in_native, id=3092, stack(0x000000000d660000,0x000000000d760000)]
  0x000000000c3ac800 JavaThread "Attach Listener" daemon [_thread_blocked, id=13076, stack(0x000000000d510000,0x000000000d610000)]
  0x000000000c3ab800 JavaThread "Signal Dispatcher" daemon [_thread_blocked, id=9344, stack(0x000000000d3c0000,0x000000000d4c0000)]
  0x000000000c35a800 JavaThread "Finalizer" daemon [_thread_blocked, id=7552, stack(0x000000000d1e0000,0x000000000d2e0000)]
  0x0000000001e3c000 JavaThread "Reference Handler" daemon [_thread_blocked, id=6740, stack(0x000000000cfd0000,0x000000000d0d0000)]
  0x0000000001ebf000 JavaThread "main" [_thread_blocked, id=2616, stack(0x0000000001f80000,0x0000000002080000)]

Other Threads:
  0x000000000c352000 VMThread [stack: 0x000000000ce50000,0x000000000cf50000] [id=11528]
  0x000000000c3da000 WatcherThread [stack: 0x000000000d8d0000,0x000000000d9d0000] [id=12808]

VM state:not at safepoint (normal execution)

VM Mutex/Monitor currently owned by a thread: None

Heap
 PSYoungGen      total 134144K, used 62453K [0x00000000f5500000, 0x0000000100000000, 0x0000000100000000)
  eden space 102400K, 32% used [0x00000000f5500000,0x00000000f758a460,0x00000000fb900000)
  from space 31744K, 91% used [0x00000000fe000000,0x00000000ffc730b0,0x00000000fff00000)
  to   space 36352K, 0% used [0x00000000fb900000,0x00000000fb900000,0x00000000fdc80000)
 ParOldGen       total 193536K, used 68276K [0x00000000e0000000, 0x00000000ebd00000, 0x00000000f5500000)
  object space 193536K, 35% used [0x00000000e0000000,0x00000000e42ad030,0x00000000ebd00000)
 PSPermGen       total 244224K, used 106825K [0x00000000d0000000, 0x00000000dee80000, 0x00000000e0000000)
  object space 244224K, 43% used [0x00000000d0000000,0x00000000d6852720,0x00000000dee80000)

Card table byte_map: [0x000000000a280000,0x000000000a410000] byte_map_base: 0x0000000009c00000

Polling page: 0x0000000000210000

Code Cache  [0x0000000002080000, 0x0000000003390000, 0x000000000a080000)
 total_blobs=8135 nmethods=7655 adapters=426 free_code_cache=111782Kb largest_free_block=114243712

Compilation events (10 events):
Event: 1356.318 Thread 0x000000000c3bd000 8881             scala.reflect.internal.Trees$Tree::scala$reflect$internal$StdAttachments$Attachable$$$outer (5 bytes)
Event: 1356.319 Thread 0x000000000c3bd000 nmethod 8881 0x0000000003382890 code [0x00000000033829c0, 0x0000000003382a18]
Event: 1356.320 Thread 0x000000000c3b2000 nmethod 8880 0x0000000003382410 code [0x0000000003382560, 0x00000000033826b8]
Event: 1356.326 Thread 0x000000000c3bd000 8882             scala.reflect.internal.Types$class::unique (102 bytes)
Event: 1356.329 Thread 0x000000000c3bd000 nmethod 8882 0x0000000003381d10 code [0x0000000003381ea0, 0x00000000033820b0]
Event: 1356.425 Thread 0x000000000c3b2000 8883             scala.tools.nsc.symtab.classfile.ClassfileParser::scala$tools$nsc$symtab$classfile$ClassfileParser$$isStatic (14 bytes)
Event: 1356.425 Thread 0x000000000c3b2000 nmethod 8883 0x0000000003381b10 code [0x0000000003381c40, 0x0000000003381c98]
Event: 1356.578 Thread 0x000000000c3bd000 8884             scala.reflect.internal.Types$class::scala$reflect$internal$Types$$commonOwner (87 bytes)
Event: 1356.585 Thread 0x000000000c3bd000 nmethod 8884 0x0000000003389fd0 code [0x000000000338a1e0, 0x000000000338a5f0]
Event: 1356.589 Thread 0x000000000c3b2000 8885             scala.tools.nsc.typechecker.Implicits$ImplicitSearch::scala$tools$nsc$typechecker$Implicits$ImplicitSearch$$getParts$1 (740 bytes)

GC Heap History (10 events):
Event: 1303.325 GC heap before
{Heap before GC invocations=85 (full 7):
 PSYoungGen      total 132608K, used 21764K [0x00000000f5500000, 0x0000000100000000, 0x0000000100000000)
  eden space 101376K, 0% used [0x00000000f5500000,0x00000000f5500000,0x00000000fb800000)
  from space 31232K, 69% used [0x00000000fe180000,0x00000000ff6c13d0,0x0000000100000000)
  to   space 36864K, 0% used [0x00000000fb800000,0x00000000fb800000,0x00000000fdc00000)
 ParOldGen       total 174080K, used 172173K [0x00000000e0000000, 0x00000000eaa00000, 0x00000000f5500000)
  object space 174080K, 98% used [0x00000000e0000000,0x00000000ea823728,0x00000000eaa00000)
 PSPermGen       total 241152K, used 113961K [0x00000000d0000000, 0x00000000deb80000, 0x00000000e0000000)
  object space 241152K, 47% used [0x00000000d0000000,0x00000000d6f4a710,0x00000000deb80000)
Event: 1304.273 GC heap after
Heap after GC invocations=85 (full 7):
 PSYoungGen      total 132608K, used 0K [0x00000000f5500000, 0x0000000100000000, 0x0000000100000000)
  eden space 101376K, 0% used [0x00000000f5500000,0x00000000f5500000,0x00000000fb800000)
  from space 31232K, 0% used [0x00000000fe180000,0x00000000fe180000,0x0000000100000000)
  to   space 36864K, 0% used [0x00000000fb800000,0x00000000fb800000,0x00000000fdc00000)
 ParOldGen       total 193536K, used 62740K [0x00000000e0000000, 0x00000000ebd00000, 0x00000000f5500000)
  object space 193536K, 32% used [0x00000000e0000000,0x00000000e3d45030,0x00000000ebd00000)
 PSPermGen       total 244224K, used 105891K [0x00000000d0000000, 0x00000000dee80000, 0x00000000e0000000)
  object space 244224K, 43% used [0x00000000d0000000,0x00000000d6768d88,0x00000000dee80000)
}
Event: 1304.773 GC heap before
{Heap before GC invocations=86 (full 7):
 PSYoungGen      total 132608K, used 101376K [0x00000000f5500000, 0x0000000100000000, 0x0000000100000000)
  eden space 101376K, 100% used [0x00000000f5500000,0x00000000fb800000,0x00000000fb800000)
  from space 31232K, 0% used [0x00000000fe180000,0x00000000fe180000,0x0000000100000000)
  to   space 36864K, 0% used [0x00000000fb800000,0x00000000fb800000,0x00000000fdc00000)
 ParOldGen       total 193536K, used 62740K [0x00000000e0000000, 0x00000000ebd00000, 0x00000000f5500000)
  object space 193536K, 32% used [0x00000000e0000000,0x00000000e3d45030,0x00000000ebd00000)
 PSPermGen       total 244224K, used 105932K [0x00000000d0000000, 0x00000000dee80000, 0x00000000e0000000)
  object space 244224K, 43% used [0x00000000d0000000,0x00000000d67733f8,0x00000000dee80000)
Event: 1304.806 GC heap after
Heap after GC invocations=86 (full 7):
 PSYoungGen      total 138240K, used 5888K [0x00000000f5500000, 0x0000000100000000, 0x0000000100000000)
  eden space 101376K, 0% used [0x00000000f5500000,0x00000000f5500000,0x00000000fb800000)
  from space 36864K, 15% used [0x00000000fb800000,0x00000000fbdc0000,0x00000000fdc00000)
  to   space 35840K, 0% used [0x00000000fdd00000,0x00000000fdd00000,0x0000000100000000)
 ParOldGen       total 193536K, used 62740K [0x00000000e0000000, 0x00000000ebd00000, 0x00000000f5500000)
  object space 193536K, 32% used [0x00000000e0000000,0x00000000e3d45030,0x00000000ebd00000)
 PSPermGen       total 244224K, used 105932K [0x00000000d0000000, 0x00000000dee80000, 0x00000000e0000000)
  object space 244224K, 43% used [0x00000000d0000000,0x00000000d67733f8,0x00000000dee80000)
}
Event: 1327.034 GC heap before
{Heap before GC invocations=87 (full 7):
 PSYoungGen      total 138240K, used 107264K [0x00000000f5500000, 0x0000000100000000, 0x0000000100000000)
  eden space 101376K, 100% used [0x00000000f5500000,0x00000000fb800000,0x00000000fb800000)
  from space 36864K, 15% used [0x00000000fb800000,0x00000000fbdc0000,0x00000000fdc00000)
  to   space 35840K, 0% used [0x00000000fdd00000,0x00000000fdd00000,0x0000000100000000)
 ParOldGen       total 193536K, used 62740K [0x00000000e0000000, 0x00000000ebd00000, 0x00000000f5500000)
  object space 193536K, 32% used [0x00000000e0000000,0x00000000e3d45030,0x00000000ebd00000)
 PSPermGen       total 244224K, used 105956K [0x00000000d0000000, 0x00000000dee80000, 0x00000000e0000000)
  object space 244224K, 43% used [0x00000000d0000000,0x00000000d67791d8,0x00000000dee80000)
Event: 1327.086 GC heap after
Heap after GC invocations=87 (full 7):
 PSYoungGen      total 133120K, used 9324K [0x00000000f5500000, 0x00000000ffb00000, 0x0000000100000000)
  eden space 102400K, 0% used [0x00000000f5500000,0x00000000f5500000,0x00000000fb900000)
  from space 30720K, 30% used [0x00000000fdd00000,0x00000000fe61b050,0x00000000ffb00000)
  to   space 33792K, 0% used [0x00000000fb900000,0x00000000fb900000,0x00000000fda00000)
 ParOldGen       total 193536K, used 68276K [0x00000000e0000000, 0x00000000ebd00000, 0x00000000f5500000)
  object space 193536K, 35% used [0x00000000e0000000,0x00000000e42ad030,0x00000000ebd00000)
 PSPermGen       total 244224K, used 105956K [0x00000000d0000000, 0x00000000dee80000, 0x00000000e0000000)
  object space 244224K, 43% used [0x00000000d0000000,0x00000000d67791d8,0x00000000dee80000)
}
Event: 1351.976 GC heap before
{Heap before GC invocations=88 (full 7):
 PSYoungGen      total 133120K, used 111724K [0x00000000f5500000, 0x00000000ffb00000, 0x0000000100000000)
  eden space 102400K, 100% used [0x00000000f5500000,0x00000000fb900000,0x00000000fb900000)
  from space 30720K, 30% used [0x00000000fdd00000,0x00000000fe61b050,0x00000000ffb00000)
  to   space 33792K, 0% used [0x00000000fb900000,0x00000000fb900000,0x00000000fda00000)
 ParOldGen       total 193536K, used 68276K [0x00000000e0000000, 0x00000000ebd00000, 0x00000000f5500000)
  object space 193536K, 35% used [0x00000000e0000000,0x00000000e42ad030,0x00000000ebd00000)
 PSPermGen       total 244224K, used 106262K [0x00000000d0000000, 0x00000000dee80000, 0x00000000e0000000)
  object space 244224K, 43% used [0x00000000d0000000,0x00000000d67c5928,0x00000000dee80000)
Event: 1352.004 GC heap after
Heap after GC invocations=88 (full 7):
 PSYoungGen      total 136192K, used 9052K [0x00000000f5500000, 0x00000000fff00000, 0x0000000100000000)
  eden space 102400K, 0% used [0x00000000f5500000,0x00000000f5500000,0x00000000fb900000)
  from space 33792K, 26% used [0x00000000fb900000,0x00000000fc1d7240,0x00000000fda00000)
  to   space 31744K, 0% used [0x00000000fe000000,0x00000000fe000000,0x00000000fff00000)
 ParOldGen       total 193536K, used 68276K [0x00000000e0000000, 0x00000000ebd00000, 0x00000000f5500000)
  object space 193536K, 35% used [0x00000000e0000000,0x00000000e42ad030,0x00000000ebd00000)
 PSPermGen       total 244224K, used 106262K [0x00000000d0000000, 0x00000000dee80000, 0x00000000e0000000)
  object space 244224K, 43% used [0x00000000d0000000,0x00000000d67c5928,0x00000000dee80000)
}
Event: 1355.013 GC heap before
{Heap before GC invocations=89 (full 7):
 PSYoungGen      total 136192K, used 111452K [0x00000000f5500000, 0x00000000fff00000, 0x0000000100000000)
  eden space 102400K, 100% used [0x00000000f5500000,0x00000000fb900000,0x00000000fb900000)
  from space 33792K, 26% used [0x00000000fb900000,0x00000000fc1d7240,0x00000000fda00000)
  to   space 31744K, 0% used [0x00000000fe000000,0x00000000fe000000,0x00000000fff00000)
 ParOldGen       total 193536K, used 68276K [0x00000000e0000000, 0x00000000ebd00000, 0x00000000f5500000)
  object space 193536K, 35% used [0x00000000e0000000,0x00000000e42ad030,0x00000000ebd00000)
 PSPermGen       total 244224K, used 106430K [0x00000000d0000000, 0x00000000dee80000, 0x00000000e0000000)
  object space 244224K, 43% used [0x00000000d0000000,0x00000000d67ef9d0,0x00000000dee80000)
Event: 1355.084 GC heap after
Heap after GC invocations=89 (full 7):
 PSYoungGen      total 134144K, used 29132K [0x00000000f5500000, 0x0000000100000000, 0x0000000100000000)
  eden space 102400K, 0% used [0x00000000f5500000,0x00000000f5500000,0x00000000fb900000)
  from space 31744K, 91% used [0x00000000fe000000,0x00000000ffc730b0,0x00000000fff00000)
  to   space 36352K, 0% used [0x00000000fb900000,0x00000000fb900000,0x00000000fdc80000)
 ParOldGen       total 193536K, used 68276K [0x00000000e0000000, 0x00000000ebd00000, 0x00000000f5500000)
  object space 193536K, 35% used [0x00000000e0000000,0x00000000e42ad030,0x00000000ebd00000)
 PSPermGen       total 244224K, used 106430K [0x00000000d0000000, 0x00000000dee80000, 0x00000000e0000000)
  object space 244224K, 43% used [0x00000000d0000000,0x00000000d67ef9d0,0x00000000dee80000)
}

Deoptimization events (10 events):
Event: 1354.369 Thread 0x00000000127ed800 Uncommon trap: reason=bimorphic action=maybe_recompile pc=0x0000000003354d10 method=scala.reflect.internal.Names$TermName.<init>(Lscala/reflect/internal/Names;III)V @ 9
Event: 1354.369 Thread 0x00000000127ed800 Uncommon trap: reason=class_check action=maybe_recompile pc=0x000000000304f934 method=scala.reflect.internal.Names$class.enterChars(Lscala/reflect/internal/Names;[CII)V @ 120
Event: 1355.223 Thread 0x00000000127ed800 Uncommon trap: reason=class_check action=maybe_recompile pc=0x0000000003146a18 method=scala.tools.nsc.symtab.SymbolLoaders.enterModule(Lscala/reflect/internal/Symbols$Symbol;Ljava/lang/String;Lscala/tools/nsc/symtab/SymbolLoaders$SymbolLoader;)Lscala/refle>3…√‰,ï@
Event: 1355.223 Thread 0x00000000127ed800 Uncommon trap: reason=class_check action=maybe_recompile pc=0x0000000003146a18 method=scala.tools.nsc.symtab.SymbolLoaders.enterModule(Lscala/reflect/internal/Symbols$Symbol;Ljava/lang/String;Lscala/tools/nsc/symtab/SymbolLoaders$SymbolLoader;)Lscala/reflegSÕ‰,ï@
Event: 1355.223 Thread 0x00000000127ed800 Uncommon trap: reason=class_check action=maybe_recompile pc=0x0000000003146a18 method=scala.tools.nsc.symtab.SymbolLoaders.enterModule(Lscala/reflect/internal/Symbols$Symbol;Ljava/lang/String;Lscala/tools/nsc/symtab/SymbolLoaders$SymbolLoader;)Lscala/reflei{÷‰,ï@
Event: 1355.223 Thread 0x00000000127ed800 Uncommon trap: reason=class_check action=maybe_recompile pc=0x0000000003146a18 method=scala.tools.nsc.symtab.SymbolLoaders.enterModule(Lscala/reflect/internal/Symbols$Symbol;Ljava/lang/String;Lscala/tools/nsc/symtab/SymbolLoaders$SymbolLoader;)Lscala/refle%;8ò/ï@
Event: 1355.899 Thread 0x00000000127ed800 Uncommon trap: reason=class_check action=maybe_recompile pc=0x0000000003388284 method=scala.reflect.internal.Names$TypeName.toTermName()Lscala/reflect/internal/Names$TermName; @ 8
Event: 1355.901 Thread 0x00000000127ed800 Uncommon trap: reason=class_check action=maybe_recompile pc=0x0000000003388284 method=scala.reflect.internal.Names$TypeName.toTermName()Lscala/reflect/internal/Names$TermName; @ 8
Event: 1355.909 Thread 0x00000000127ed800 Uncommon trap: reason=class_check action=maybe_recompile pc=0x0000000003388284 method=scala.reflect.internal.Names$TypeName.toTermName()Lscala/reflect/internal/Names$TermName; @ 8
Event: 1355.909 Thread 0x00000000127ed800 Uncommon trap: reason=class_check action=maybe_recompile pc=0x0000000003388284 method=scala.reflect.internal.Names$TypeName.toTermName()Lscala/reflect/internal/Names$TermName; @ 8

Internal exceptions (10 events):
Event: 1356.289 Thread 0x00000000127ed800 Threw 0x00000000f6eb0eb0 at C:\re\jdk7u45\229\hotspot\src\share\vm\prims\jvm.cpp:1244
Event: 1356.289 Thread 0x00000000127ed800 Threw 0x00000000f6eb20b0 at C:\re\jdk7u45\229\hotspot\src\share\vm\prims\jvm.cpp:1244
Event: 1356.291 Thread 0x00000000127ed800 Threw 0x00000000f6ebd5c8 at C:\re\jdk7u45\229\hotspot\src\share\vm\prims\jvm.cpp:1244
Event: 1356.291 Thread 0x00000000127ed800 Threw 0x00000000f6ebe308 at C:\re\jdk7u45\229\hotspot\src\share\vm\prims\jvm.cpp:1244
Event: 1356.291 Thread 0x00000000127ed800 Threw 0x00000000f6ebf570 at C:\re\jdk7u45\229\hotspot\src\share\vm\prims\jvm.cpp:1244
Event: 1356.291 Thread 0x00000000127ed800 Threw 0x00000000f6ec0930 at C:\re\jdk7u45\229\hotspot\src\share\vm\prims\jvm.cpp:1244
Event: 1356.292 Thread 0x00000000127ed800 Threw 0x00000000f6ecb160 at C:\re\jdk7u45\229\hotspot\src\share\vm\prims\jvm.cpp:1244
Event: 1356.292 Thread 0x00000000127ed800 Threw 0x00000000f6ecbee0 at C:\re\jdk7u45\229\hotspot\src\share\vm\prims\jvm.cpp:1244
Event: 1356.292 Thread 0x00000000127ed800 Threw 0x00000000f6ecd188 at C:\re\jdk7u45\229\hotspot\src\share\vm\prims\jvm.cpp:1244
Event: 1356.292 Thread 0x00000000127ed800 Threw 0x00000000f6ece628 at C:\re\jdk7u45\229\hotspot\src\share\vm\prims\jvm.cpp:1244

Events (10 events):
Event: 1356.286 loading class 0x000000001218e140
Event: 1356.286 loading class 0x000000001218e140 done
Event: 1356.288 loading class 0x000000000e6681e0
Event: 1356.288 loading class 0x000000000e6681e0 done
Event: 1356.289 loading class 0x0000000012317070
Event: 1356.289 loading class 0x0000000012317070 done
Event: 1356.291 loading class 0x000000001218df10
Event: 1356.291 loading class 0x000000001218df10 done
Event: 1356.292 loading class 0x000000001218e000
Event: 1356.292 loading class 0x000000001218e000 done


Dynamic libraries:
0x000000013f3f0000 - 0x000000013f423000 	C:\Program Files\Java\jdk7\bin\java.exe
0x0000000077140000 - 0x00000000772e9000 	C:\Windows\SYSTEM32\ntdll.dll
0x0000000077020000 - 0x000000007713f000 	C:\Windows\system32\kernel32.dll
0x000007fefd280000 - 0x000007fefd2ec000 	C:\Windows\system32\KERNELBASE.dll
0x000007fefd9f0000 - 0x000007fefdacb000 	C:\Windows\system32\ADVAPI32.dll
0x000007feff3b0000 - 0x000007feff44f000 	C:\Windows\system32\msvcrt.dll
0x000007feff300000 - 0x000007feff31f000 	C:\Windows\SYSTEM32\sechost.dll
0x000007fefdad0000 - 0x000007fefdbfd000 	C:\Windows\system32\RPCRT4.dll
0x0000000076f20000 - 0x000000007701a000 	C:\Windows\system32\USER32.dll
0x000007fefd7a0000 - 0x000007fefd807000 	C:\Windows\system32\GDI32.dll
0x000007fefd790000 - 0x000007fefd79e000 	C:\Windows\system32\LPK.dll
0x000007fefeef0000 - 0x000007fefefb9000 	C:\Windows\system32\USP10.dll
0x000007fefb740000 - 0x000007fefb934000 	C:\Windows\WinSxS\amd64_microsoft.windows.common-controls_6595b64144ccf1df_6.0.7601.17514_none_fa396087175ac9ac\COMCTL32.dll
0x000007feff320000 - 0x000007feff391000 	C:\Windows\system32\SHLWAPI.dll
0x000007feff020000 - 0x000007feff04e000 	C:\Windows\system32\IMM32.DLL
0x000007fefd4e0000 - 0x000007fefd5e9000 	C:\Windows\system32\MSCTF.dll
0x0000000058e40000 - 0x0000000058f12000 	C:\Program Files\Java\jdk7\jre\bin\msvcr100.dll
0x0000000056f90000 - 0x0000000057759000 	C:\Program Files\Java\jdk7\jre\bin\server\jvm.dll
0x000007fef6a20000 - 0x000007fef6a29000 	C:\Windows\system32\WSOCK32.dll
0x000007fefd490000 - 0x000007fefd4dd000 	C:\Windows\system32\WS2_32.dll
0x000007feff3a0000 - 0x000007feff3a8000 	C:\Windows\system32\NSI.dll
0x000007fefa650000 - 0x000007fefa68b000 	C:\Windows\system32\WINMM.dll
0x0000000077300000 - 0x0000000077307000 	C:\Windows\system32\PSAPI.DLL
0x000000005c360000 - 0x000000005c36f000 	C:\Program Files\Java\jdk7\jre\bin\verify.dll
0x000000005c330000 - 0x000000005c358000 	C:\Program Files\Java\jdk7\jre\bin\java.dll
0x00000000599d0000 - 0x00000000599e5000 	C:\Program Files\Java\jdk7\jre\bin\zip.dll
0x00000000599b0000 - 0x00000000599c9000 	C:\Program Files\Java\jdk7\jre\bin\net.dll
0x000007fefc6e0000 - 0x000007fefc735000 	C:\Windows\system32\mswsock.dll
0x000007fefc970000 - 0x000007fefc977000 	C:\Windows\System32\wship6.dll
0x0000000059990000 - 0x00000000599a1000 	C:\Program Files\Java\jdk7\jre\bin\nio.dll
0x000007fefc740000 - 0x000007fefc757000 	C:\Windows\system32\CRYPTSP.dll
0x000007fefc450000 - 0x000007fefc497000 	C:\Windows\system32\rsaenh.dll
0x000007fefd260000 - 0x000007fefd27e000 	C:\Windows\system32\USERENV.dll
0x000007fefcf80000 - 0x000007fefcf8f000 	C:\Windows\system32\profapi.dll
0x000007fefcdd0000 - 0x000007fefcddf000 	C:\Windows\system32\CRYPTBASE.dll
0x000007fefa4d0000 - 0x000007fefa4e5000 	C:\Windows\system32\NLAapi.dll
0x000007fef87d0000 - 0x000007fef87e5000 	C:\Windows\system32\napinsp.dll
0x000007fef87f0000 - 0x000007fef8809000 	C:\Windows\system32\pnrpnsp.dll
0x000007fefc570000 - 0x000007fefc5cb000 	C:\Windows\system32\DNSAPI.dll
0x000007fef87c0000 - 0x000007fef87cb000 	C:\Windows\System32\winrnr.dll
0x000007fefbdb0000 - 0x000007fefbdb7000 	C:\Windows\System32\wshtcpip.dll
0x000007fef9e70000 - 0x000007fef9e97000 	C:\Windows\system32\IPHLPAPI.DLL
0x000007fef9e60000 - 0x000007fef9e6b000 	C:\Windows\system32\WINNSI.DLL
0x000007fef8810000 - 0x000007fef8818000 	C:\Windows\system32\rasadhlp.dll
0x000007fef9410000 - 0x000007fef9463000 	C:\Windows\System32\fwpuclnt.dll
0x000007fef9160000 - 0x000007fef916a000 	C:\Users\krzywick\AppData\Local\Temp\jansi-64-1-5523288062536552312.11

VM Arguments:
jvm_args: -Xmx512M -XX:MaxPermSize=256m -XX:ReservedCodeCacheSize=128m -Dsbt.log.format=true -Dsbt.ivy.home=M:\.ivy2 
java_command: xsbt.boot.Boot
Launcher Type: SUN_STANDARD

Environment Variables:
JAVA_HOME=C:\Program Files\Java\jdk7
PATH=C:\Windows\system32;C:\Windows;C:\Windows\System32\Wbem;C:\Windows\System32\WindowsPowerShell\v1.0\;C:\Program Files\Maven\bin;C:\Program Files\Git\cmd;C:\Program Files (x86)\Vagrant\bin;C:\Program Files\Matlab\R2013a\runtime\win64;C:\Program Files\Matlab\R2013a\bin;C:\Program Files\Python27;C:\Program Files (x86)\erl6.1\bin;C:\Program Files (x86)\sbt\\bin;C:\Program Files (x86)\scala\bin;C:\Program Files\TortoiseSVN\bin;M:\MiKTeX\miktex\bin\x64\
USERNAME=krzywick
OS=Windows_NT
PROCESSOR_IDENTIFIER=Intel64 Family 6 Model 44 Stepping 2, GenuineIntel



---------------  S Y S T E M  ---------------

OS: Windows 7 , 64 bit Build 7601 Service Pack 1

CPU:total 2 (2 cores per cpu, 1 threads per core) family 6 model 44 stepping 2, cmov, cx8, fxsr, mmx, sse, sse2, sse3, ssse3, sse4.1, sse4.2, popcnt, aes, tsc, tscinvbit, tscinv

Memory: 4k page, physical 4193848k(118816k free), swap 8177172k(4812k free)

vm_info: Java HotSpot(TM) 64-Bit Server VM (24.45-b08) for windows-amd64 JRE (1.7.0_45-b18), built on Oct  8 2013 05:47:22 by "java_re" with unknown MS VC++:1600

time: Thu Jan 15 18:28:02 2015
elapsed time: 1356 seconds

