#
# There is insufficient memory for the Java Runtime Environment to continue.
# Native memory allocation (malloc) failed to allocate 1861776 bytes for Chunk::new
# Possible reasons:
#   The system is out of physical RAM or swap space
#   In 32 bit mode, the process size limit was hit
# Possible solutions:
#   Reduce memory load on the system
#   Increase physical memory or swap space
#   Check if swap backing store is full
#   Use 64 bit Java on a 64 bit OS
#   Decrease Java heap size (-Xmx/-Xms)
#   Decrease number of Java threads
#   Decrease Java thread stack sizes (-Xss)
#   Set larger code cache with -XX:ReservedCodeCacheSize=
# This output file may be truncated or incomplete.
#
#  Out of Memory Error (allocation.cpp:323), pid=7044, tid=10304
#
# JRE version: Java(TM) SE Runtime Environment (7.0_45-b18) (build 1.7.0_45-b18)
# Java VM: Java HotSpot(TM) 64-Bit Server VM (24.45-b08 mixed mode windows-amd64 compressed oops)
# Failed to write core dump. Minidumps are not enabled by default on client versions of Windows
#

---------------  T H R E A D  ---------------

Current thread (0x000000000807d000):  JavaThread "C2 CompilerThread1" daemon [_thread_in_native, id=10304, stack(0x0000000009610000,0x0000000009710000)]

Stack: [0x0000000009610000,0x0000000009710000]

Current CompileTask:
C2:  18098 1320             scala.tools.nsc.symtab.SymbolLoaders::initializeFromClassPath (392 bytes)


---------------  P R O C E S S  ---------------

Java Threads: ( => current thread )
  0x000000000b23f800 JavaThread "pool-2-thread-4" [_thread_blocked, id=9024, stack(0x000000000c110000,0x000000000c210000)]
  0x000000000b41f800 JavaThread "pool-2-thread-3" [_thread_blocked, id=11696, stack(0x000000000aca0000,0x000000000ada0000)]
  0x000000000b392800 JavaThread "pool-2-thread-2" [_thread_blocked, id=10300, stack(0x000000000bf30000,0x000000000c030000)]
  0x000000000b41e800 JavaThread "pool-2-thread-1" [_thread_in_Java, id=11152, stack(0x000000000aad0000,0x000000000abd0000)]
  0x0000000008089000 JavaThread "Service Thread" daemon [_thread_blocked, id=2980, stack(0x0000000009740000,0x0000000009840000)]
=>0x000000000807d000 JavaThread "C2 CompilerThread1" daemon [_thread_in_native, id=10304, stack(0x0000000009610000,0x0000000009710000)]
  0x0000000008072800 JavaThread "C2 CompilerThread0" daemon [_thread_in_native, id=6972, stack(0x0000000009340000,0x0000000009440000)]
  0x000000000806c800 JavaThread "Attach Listener" daemon [_thread_blocked, id=14312, stack(0x0000000009180000,0x0000000009280000)]
  0x000000000806b800 JavaThread "Signal Dispatcher" daemon [_thread_blocked, id=12688, stack(0x0000000009000000,0x0000000009100000)]
  0x0000000008013000 JavaThread "Finalizer" daemon [_thread_blocked, id=13780, stack(0x0000000008df0000,0x0000000008ef0000)]
  0x0000000001dfa800 JavaThread "Reference Handler" daemon [_thread_blocked, id=13360, stack(0x0000000008c50000,0x0000000008d50000)]
  0x0000000001e5f000 JavaThread "main" [_thread_blocked, id=14048, stack(0x0000000001fc0000,0x00000000020c0000)]

Other Threads:
  0x0000000008012000 VMThread [stack: 0x0000000008ab0000,0x0000000008bb0000] [id=10972]
  0x0000000008092000 WatcherThread [stack: 0x0000000009920000,0x0000000009a20000] [id=14148]

VM state:not at safepoint (normal execution)

VM Mutex/Monitor currently owned by a thread: None

Heap
 PSYoungGen      total 143872K, used 16874K [0x00000000f0000000, 0x0000000100000000, 0x0000000100000000)
  eden space 130560K, 12% used [0x00000000f0000000,0x00000000f107abe8,0x00000000f7f80000)
  from space 13312K, 0% used [0x00000000f7f80000,0x00000000f7f80000,0x00000000f8c80000)
  to   space 31232K, 0% used [0x00000000fe180000,0x00000000fe180000,0x0000000100000000)
 ParOldGen       total 104960K, used 54617K [0x00000000d0000000, 0x00000000d6680000, 0x00000000f0000000)
  object space 104960K, 52% used [0x00000000d0000000,0x00000000d3556680,0x00000000d6680000)
 PSPermGen       total 49152K, used 48959K [0x00000000b8000000, 0x00000000bb000000, 0x00000000d0000000)
  object space 49152K, 99% used [0x00000000b8000000,0x00000000bafcfcd0,0x00000000bb000000)

Card table byte_map: [0x0000000005180000,0x00000000053d0000] byte_map_base: 0x0000000004bc0000

Polling page: 0x0000000000120000

Code Cache  [0x00000000020c0000, 0x0000000002340000, 0x00000000050c0000)
 total_blobs=1602 nmethods=1226 adapters=328 free_code_cache=46683Kb largest_free_block=47743168

Compilation events (10 events):
Event: 17.843 Thread 0x0000000008072800 nmethod 1310 0x0000000002334190 code [0x00000000023343c0, 0x0000000002334fd0]
Event: 17.844 Thread 0x0000000008072800 1321             scala.tools.nsc.util.ClassPath$ClassRep::source (5 bytes)
Event: 17.844 Thread 0x0000000008072800 nmethod 1321 0x0000000002253ad0 code [0x0000000002253c00, 0x0000000002253c58]
Event: 17.844 Thread 0x0000000008072800 1322             scala.tools.nsc.Global$$anon$3::newClassLoader (9 bytes)
Event: 17.847 Thread 0x0000000008072800 nmethod 1322 0x0000000002253490 code [0x0000000002253600, 0x00000000022537c8]
Event: 17.847 Thread 0x0000000008072800 1323             scala.tools.nsc.Global$$anon$3::newClassLoader (6 bytes)
Event: 17.849 Thread 0x0000000008072800 nmethod 1323 0x00000000023323d0 code [0x0000000002332520, 0x00000000023326a8]
Event: 17.849 Thread 0x0000000008072800 1324             scala.tools.nsc.backend.JavaPlatform$class::newClassLoader (18 bytes)
Event: 17.851 Thread 0x0000000008072800 nmethod 1324 0x0000000002331dd0 code [0x0000000002331f20, 0x00000000023320e8]
Event: 17.851 Thread 0x0000000008072800 1325             scala.tools.nsc.symtab.SymbolLoaders::enterClassAndModule (239 bytes)

GC Heap History (10 events):
Event: 4.488 GC heap before
{Heap before GC invocations=6 (full 0):
 PSYoungGen      total 36352K, used 36340K [0x00000000f0000000, 0x00000000f5400000, 0x0000000100000000)
  eden space 33792K, 100% used [0x00000000f0000000,0x00000000f2100000,0x00000000f2100000)
  from space 2560K, 99% used [0x00000000f2100000,0x00000000f237d070,0x00000000f2380000)
  to   space 9216K, 0% used [0x00000000f4b00000,0x00000000f4b00000,0x00000000f5400000)
 ParOldGen       total 43520K, used 13226K [0x00000000d0000000, 0x00000000d2a80000, 0x00000000f0000000)
  object space 43520K, 30% used [0x00000000d0000000,0x00000000d0ceaa48,0x00000000d2a80000)
 PSPermGen       total 31744K, used 31282K [0x00000000b8000000, 0x00000000b9f00000, 0x00000000d0000000)
  object space 31744K, 98% used [0x00000000b8000000,0x00000000b9e8ca10,0x00000000b9f00000)
Event: 4.512 GC heap after
Heap after GC invocations=6 (full 0):
 PSYoungGen      total 75264K, used 9186K [0x00000000f0000000, 0x00000000f5700000, 0x0000000100000000)
  eden space 66048K, 0% used [0x00000000f0000000,0x00000000f0000000,0x00000000f4080000)
  from space 9216K, 99% used [0x00000000f4b00000,0x00000000f53f8960,0x00000000f5400000)
  to   space 10752K, 0% used [0x00000000f4080000,0x00000000f4080000,0x00000000f4b00000)
 ParOldGen       total 43520K, used 13597K [0x00000000d0000000, 0x00000000d2a80000, 0x00000000f0000000)
  object space 43520K, 31% used [0x00000000d0000000,0x00000000d0d474f0,0x00000000d2a80000)
 PSPermGen       total 31744K, used 31282K [0x00000000b8000000, 0x00000000b9f00000, 0x00000000d0000000)
  object space 31744K, 98% used [0x00000000b8000000,0x00000000b9e8ca10,0x00000000b9f00000)
}
Event: 7.147 GC heap before
{Heap before GC invocations=7 (full 0):
 PSYoungGen      total 75264K, used 75234K [0x00000000f0000000, 0x00000000f5700000, 0x0000000100000000)
  eden space 66048K, 100% used [0x00000000f0000000,0x00000000f4080000,0x00000000f4080000)
  from space 9216K, 99% used [0x00000000f4b00000,0x00000000f53f8960,0x00000000f5400000)
  to   space 10752K, 0% used [0x00000000f4080000,0x00000000f4080000,0x00000000f4b00000)
 ParOldGen       total 43520K, used 13597K [0x00000000d0000000, 0x00000000d2a80000, 0x00000000f0000000)
  object space 43520K, 31% used [0x00000000d0000000,0x00000000d0d474f0,0x00000000d2a80000)
 PSPermGen       total 38400K, used 37930K [0x00000000b8000000, 0x00000000ba580000, 0x00000000d0000000)
  object space 38400K, 98% used [0x00000000b8000000,0x00000000ba50aab8,0x00000000ba580000)
Event: 7.191 GC heap after
Heap after GC invocations=7 (full 0):
 PSYoungGen      total 76800K, used 9117K [0x00000000f0000000, 0x00000000f9800000, 0x0000000100000000)
  eden space 66048K, 0% used [0x00000000f0000000,0x00000000f0000000,0x00000000f4080000)
  from space 10752K, 84% used [0x00000000f4080000,0x00000000f4967748,0x00000000f4b00000)
  to   space 11776K, 0% used [0x00000000f8c80000,0x00000000f8c80000,0x00000000f9800000)
 ParOldGen       total 43520K, used 14685K [0x00000000d0000000, 0x00000000d2a80000, 0x00000000f0000000)
  object space 43520K, 33% used [0x00000000d0000000,0x00000000d0e57718,0x00000000d2a80000)
 PSPermGen       total 38400K, used 37930K [0x00000000b8000000, 0x00000000ba580000, 0x00000000d0000000)
  object space 38400K, 98% used [0x00000000b8000000,0x00000000ba50aab8,0x00000000ba580000)
}
Event: 9.102 GC heap before
{Heap before GC invocations=8 (full 0):
 PSYoungGen      total 76800K, used 75165K [0x00000000f0000000, 0x00000000f9800000, 0x0000000100000000)
  eden space 66048K, 100% used [0x00000000f0000000,0x00000000f4080000,0x00000000f4080000)
  from space 10752K, 84% used [0x00000000f4080000,0x00000000f4967748,0x00000000f4b00000)
  to   space 11776K, 0% used [0x00000000f8c80000,0x00000000f8c80000,0x00000000f9800000)
 ParOldGen       total 43520K, used 14685K [0x00000000d0000000, 0x00000000d2a80000, 0x00000000f0000000)
  object space 43520K, 33% used [0x00000000d0000000,0x00000000d0e57718,0x00000000d2a80000)
 PSPermGen       total 42496K, used 42011K [0x00000000b8000000, 0x00000000ba980000, 0x00000000d0000000)
  object space 42496K, 98% used [0x00000000b8000000,0x00000000ba906d30,0x00000000ba980000)
Event: 9.142 GC heap after
Heap after GC invocations=8 (full 0):
 PSYoungGen      total 142336K, used 11235K [0x00000000f0000000, 0x00000000f9b00000, 0x0000000100000000)
  eden space 130560K, 0% used [0x00000000f0000000,0x00000000f0000000,0x00000000f7f80000)
  from space 11776K, 95% used [0x00000000f8c80000,0x00000000f9778d98,0x00000000f9800000)
  to   space 13312K, 0% used [0x00000000f7f80000,0x00000000f7f80000,0x00000000f8c80000)
 ParOldGen       total 43520K, used 15525K [0x00000000d0000000, 0x00000000d2a80000, 0x00000000f0000000)
  object space 43520K, 35% used [0x00000000d0000000,0x00000000d0f29738,0x00000000d2a80000)
 PSPermGen       total 42496K, used 42011K [0x00000000b8000000, 0x00000000ba980000, 0x00000000d0000000)
  object space 42496K, 98% used [0x00000000b8000000,0x00000000ba906d30,0x00000000ba980000)
}
Event: 15.840 GC heap before
{Heap before GC invocations=9 (full 0):
 PSYoungGen      total 142336K, used 141795K [0x00000000f0000000, 0x00000000f9b00000, 0x0000000100000000)
  eden space 130560K, 100% used [0x00000000f0000000,0x00000000f7f80000,0x00000000f7f80000)
  from space 11776K, 95% used [0x00000000f8c80000,0x00000000f9778d98,0x00000000f9800000)
  to   space 13312K, 0% used [0x00000000f7f80000,0x00000000f7f80000,0x00000000f8c80000)
 ParOldGen       total 43520K, used 15525K [0x00000000d0000000, 0x00000000d2a80000, 0x00000000f0000000)
  object space 43520K, 35% used [0x00000000d0000000,0x00000000d0f29738,0x00000000d2a80000)
 PSPermGen       total 48128K, used 47784K [0x00000000b8000000, 0x00000000baf00000, 0x00000000d0000000)
  object space 48128K, 99% used [0x00000000b8000000,0x00000000baeaa0c8,0x00000000baf00000)
Event: 15.956 GC heap after
Heap after GC invocations=9 (full 0):
 PSYoungGen      total 143872K, used 13280K [0x00000000f0000000, 0x0000000100000000, 0x0000000100000000)
  eden space 130560K, 0% used [0x00000000f0000000,0x00000000f0000000,0x00000000f7f80000)
  from space 13312K, 99% used [0x00000000f7f80000,0x00000000f8c78010,0x00000000f8c80000)
  to   space 31232K, 0% used [0x00000000fe180000,0x00000000fe180000,0x0000000100000000)
 ParOldGen       total 55296K, used 55235K [0x00000000d0000000, 0x00000000d3600000, 0x00000000f0000000)
  object space 55296K, 99% used [0x00000000d0000000,0x00000000d35f0cc0,0x00000000d3600000)
 PSPermGen       total 48128K, used 47784K [0x00000000b8000000, 0x00000000baf00000, 0x00000000d0000000)
  object space 48128K, 99% used [0x00000000b8000000,0x00000000baeaa0c8,0x00000000baf00000)
}
Event: 15.956 GC heap before
{Heap before GC invocations=10 (full 1):
 PSYoungGen      total 143872K, used 13280K [0x00000000f0000000, 0x0000000100000000, 0x0000000100000000)
  eden space 130560K, 0% used [0x00000000f0000000,0x00000000f0000000,0x00000000f7f80000)
  from space 13312K, 99% used [0x00000000f7f80000,0x00000000f8c78010,0x00000000f8c80000)
  to   space 31232K, 0% used [0x00000000fe180000,0x00000000fe180000,0x0000000100000000)
 ParOldGen       total 55296K, used 55235K [0x00000000d0000000, 0x00000000d3600000, 0x00000000f0000000)
  object space 55296K, 99% used [0x00000000d0000000,0x00000000d35f0cc0,0x00000000d3600000)
 PSPermGen       total 48128K, used 47784K [0x00000000b8000000, 0x00000000baf00000, 0x00000000d0000000)
  object space 48128K, 99% used [0x00000000b8000000,0x00000000baeaa0c8,0x00000000baf00000)
Event: 16.813 GC heap after
Heap after GC invocations=10 (full 1):
 PSYoungGen      total 143872K, used 0K [0x00000000f0000000, 0x0000000100000000, 0x0000000100000000)
  eden space 130560K, 0% used [0x00000000f0000000,0x00000000f0000000,0x00000000f7f80000)
  from space 13312K, 0% used [0x00000000f7f80000,0x00000000f7f80000,0x00000000f8c80000)
  to   space 31232K, 0% used [0x00000000fe180000,0x00000000fe180000,0x0000000100000000)
 ParOldGen       total 104960K, used 54617K [0x00000000d0000000, 0x00000000d6680000, 0x00000000f0000000)
  object space 104960K, 52% used [0x00000000d0000000,0x00000000d3556680,0x00000000d6680000)
 PSPermGen       total 48128K, used 47734K [0x00000000b8000000, 0x00000000baf00000, 0x00000000d0000000)
  object space 48128K, 99% used [0x00000000b8000000,0x00000000bae9d840,0x00000000baf00000)
}

Deoptimization events (10 events):
Event: 17.462 Thread 0x000000000b41e800 Uncommon trap: reason=bimorphic action=maybe_recompile pc=0x0000000002313cc0 method=scala.reflect.internal.Types$class.scala$reflect$internal$Types$$isRawIfWithoutArgs(Lscala/reflect/internal/SymbolTable;Lscala/reflect/internal/Symbols$Symbol;)Z @ 1
Event: 17.462 Thread 0x000000000b41e800 Uncommon trap: reason=class_check action=maybe_recompile pc=0x0000000002300ff4 method=scala.reflect.internal.Types$class.isRaw(Lscala/reflect/internal/SymbolTable;Lscala/reflect/internal/Symbols$Symbol;Lscala/collection/immutable/List;)Z @ 4
Event: 17.462 Thread 0x000000000b41e800 Uncommon trap: reason=class_check action=maybe_recompile pc=0x000000000230d9e4 method=scala.reflect.internal.Types$class.isRaw(Lscala/reflect/internal/SymbolTable;Lscala/reflect/internal/Symbols$Symbol;Lscala/collection/immutable/List;)Z @ 4
Event: 17.462 Thread 0x000000000b41e800 Uncommon trap: reason=class_check action=maybe_recompile pc=0x0000000002313050 method=scala.reflect.internal.Types$class.isRaw(Lscala/reflect/internal/SymbolTable;Lscala/reflect/internal/Symbols$Symbol;Lscala/collection/immutable/List;)Z @ 4
Event: 17.467 Thread 0x000000000b41e800 Uncommon trap: reason=class_check action=maybe_recompile pc=0x0000000002311c00 method=scala.reflect.internal.Types$class.isRaw(Lscala/reflect/internal/SymbolTable;Lscala/reflect/internal/Symbols$Symbol;Lscala/collection/immutable/List;)Z @ 4
Event: 17.468 Thread 0x000000000b41e800 Uncommon trap: reason=bimorphic action=maybe_recompile pc=0x0000000002313cc0 method=scala.reflect.internal.Types$class.scala$reflect$internal$Types$$isRawIfWithoutArgs(Lscala/reflect/internal/SymbolTable;Lscala/reflect/internal/Symbols$Symbol;)Z @ 1
Event: 17.468 Thread 0x000000000b41e800 Uncommon trap: reason=bimorphic action=maybe_recompile pc=0x0000000002313cc0 method=scala.reflect.internal.Types$class.scala$reflect$internal$Types$$isRawIfWithoutArgs(Lscala/reflect/internal/SymbolTable;Lscala/reflect/internal/Symbols$Symbol;)Z @ 1
Event: 17.520 Thread 0x000000000b41e800 Uncommon trap: reason=unreached action=reinterpret pc=0x000000000228bb00 method=scala.reflect.internal.Scopes$Scope.lookupNextEntry(Lscala/reflect/internal/Scopes$ScopeEntry;)Lscala/reflect/internal/Scopes$ScopeEntry; @ 49
Event: 17.571 Thread 0x000000000b41e800 Uncommon trap: reason=class_check action=maybe_recompile pc=0x000000000220baa0 method=scala.collection.generic.GenTraversableFactory$ReusableCBF.apply()Lscala/collection/mutable/Builder; @ 4
Event: 17.572 Thread 0x000000000b41e800 Uncommon trap: reason=class_check action=maybe_recompile pc=0x000000000220baa0 method=scala.collection.generic.GenTraversableFactory$ReusableCBF.apply()Lscala/collection/mutable/Builder; @ 4

Internal exceptions (10 events):
Event: 17.778 Thread 0x000000000b41e800 Threw 0x00000000f0f008c8 at C:\re\jdk7u45\229\hotspot\src\share\vm\prims\jvm.cpp:1244
Event: 17.779 Thread 0x000000000b41e800 Threw 0x00000000f0f04f40 at C:\re\jdk7u45\229\hotspot\src\share\vm\prims\jvm.cpp:1244
Event: 17.780 Thread 0x000000000b41e800 Threw 0x00000000f0f0a150 at C:\re\jdk7u45\229\hotspot\src\share\vm\prims\jvm.cpp:1244
Event: 17.782 Thread 0x000000000b41e800 Threw 0x00000000f0f0ec88 at C:\re\jdk7u45\229\hotspot\src\share\vm\prims\jvm.cpp:1244
Event: 17.783 Thread 0x000000000b41e800 Threw 0x00000000f0f134c8 at C:\re\jdk7u45\229\hotspot\src\share\vm\prims\jvm.cpp:1244
Event: 17.783 Thread 0x000000000b41e800 Threw 0x00000000f0f18028 at C:\re\jdk7u45\229\hotspot\src\share\vm\prims\jvm.cpp:1244
Event: 17.785 Thread 0x000000000b41e800 Threw 0x00000000f0f22940 at C:\re\jdk7u45\229\hotspot\src\share\vm\prims\jvm.cpp:1244
Event: 17.786 Thread 0x000000000b41e800 Threw 0x00000000f0f272f0 at C:\re\jdk7u45\229\hotspot\src\share\vm\prims\jvm.cpp:1244
Event: 17.787 Thread 0x000000000b41e800 Threw 0x00000000f0f2d640 at C:\re\jdk7u45\229\hotspot\src\share\vm\prims\jvm.cpp:1244
Event: 17.788 Thread 0x000000000b41e800 Threw 0x00000000f0f33ce8 at C:\re\jdk7u45\229\hotspot\src\share\vm\prims\jvm.cpp:1244

Events (10 events):
Event: 17.738 loading class 0x0000000009a68a60
Event: 17.738 loading class 0x0000000009a68a60 done
Event: 17.739 loading class 0x0000000009a68ca0
Event: 17.739 loading class 0x0000000009a68ca0 done
Event: 17.740 loading class 0x0000000009a68d00
Event: 17.740 loading class 0x0000000009a68d00 done
Event: 17.743 loading class 0x000000000b2e2270
Event: 17.743 loading class 0x000000000b2e2270 done
Event: 17.743 loading class 0x0000000009a68460
Event: 17.743 loading class 0x0000000009a68460 done


Dynamic libraries:
0x000000013f3f0000 - 0x000000013f423000 	C:\Program Files\Java\jdk7\bin\java.exe
0x0000000077140000 - 0x00000000772e9000 	C:\Windows\SYSTEM32\ntdll.dll
0x0000000077020000 - 0x000000007713f000 	C:\Windows\system32\kernel32.dll
0x000007fefd280000 - 0x000007fefd2ec000 	C:\Windows\system32\KERNELBASE.dll
0x000007fefd9f0000 - 0x000007fefdacb000 	C:\Windows\system32\ADVAPI32.dll
0x000007feff3b0000 - 0x000007feff44f000 	C:\Windows\system32\msvcrt.dll
0x000007feff300000 - 0x000007feff31f000 	C:\Windows\SYSTEM32\sechost.dll
0x000007fefdad0000 - 0x000007fefdbfd000 	C:\Windows\system32\RPCRT4.dll
0x0000000076f20000 - 0x000000007701a000 	C:\Windows\system32\USER32.dll
0x000007fefd7a0000 - 0x000007fefd807000 	C:\Windows\system32\GDI32.dll
0x000007fefd790000 - 0x000007fefd79e000 	C:\Windows\system32\LPK.dll
0x000007fefeef0000 - 0x000007fefefb9000 	C:\Windows\system32\USP10.dll
0x000007fefb740000 - 0x000007fefb934000 	C:\Windows\WinSxS\amd64_microsoft.windows.common-controls_6595b64144ccf1df_6.0.7601.17514_none_fa396087175ac9ac\COMCTL32.dll
0x000007feff320000 - 0x000007feff391000 	C:\Windows\system32\SHLWAPI.dll
0x000007feff020000 - 0x000007feff04e000 	C:\Windows\system32\IMM32.DLL
0x000007fefd4e0000 - 0x000007fefd5e9000 	C:\Windows\system32\MSCTF.dll
0x0000000058e40000 - 0x0000000058f12000 	C:\Program Files\Java\jdk7\jre\bin\msvcr100.dll
0x0000000056f90000 - 0x0000000057759000 	C:\Program Files\Java\jdk7\jre\bin\server\jvm.dll
0x000007fef6a20000 - 0x000007fef6a29000 	C:\Windows\system32\WSOCK32.dll
0x000007fefd490000 - 0x000007fefd4dd000 	C:\Windows\system32\WS2_32.dll
0x000007feff3a0000 - 0x000007feff3a8000 	C:\Windows\system32\NSI.dll
0x000007fefa650000 - 0x000007fefa68b000 	C:\Windows\system32\WINMM.dll
0x0000000077300000 - 0x0000000077307000 	C:\Windows\system32\PSAPI.DLL
0x000000005c360000 - 0x000000005c36f000 	C:\Program Files\Java\jdk7\jre\bin\verify.dll
0x000000005c330000 - 0x000000005c358000 	C:\Program Files\Java\jdk7\jre\bin\java.dll
0x00000000599d0000 - 0x00000000599e5000 	C:\Program Files\Java\jdk7\jre\bin\zip.dll
0x00000000599b0000 - 0x00000000599c9000 	C:\Program Files\Java\jdk7\jre\bin\net.dll
0x000007fefc6e0000 - 0x000007fefc735000 	C:\Windows\system32\mswsock.dll
0x000007fefc970000 - 0x000007fefc977000 	C:\Windows\System32\wship6.dll
0x0000000059990000 - 0x00000000599a1000 	C:\Program Files\Java\jdk7\jre\bin\nio.dll
0x000007fefc740000 - 0x000007fefc757000 	C:\Windows\system32\CRYPTSP.dll
0x000007fefc450000 - 0x000007fefc497000 	C:\Windows\system32\rsaenh.dll
0x000007fefd260000 - 0x000007fefd27e000 	C:\Windows\system32\USERENV.dll
0x000007fefcf80000 - 0x000007fefcf8f000 	C:\Windows\system32\profapi.dll
0x000007fefcdd0000 - 0x000007fefcddf000 	C:\Windows\system32\CRYPTBASE.dll
0x000007fefa4d0000 - 0x000007fefa4e5000 	C:\Windows\system32\NLAapi.dll
0x000007fef87d0000 - 0x000007fef87e5000 	C:\Windows\system32\napinsp.dll
0x000007fef87f0000 - 0x000007fef8809000 	C:\Windows\system32\pnrpnsp.dll
0x000007fefc570000 - 0x000007fefc5cb000 	C:\Windows\system32\DNSAPI.dll
0x000007fef87c0000 - 0x000007fef87cb000 	C:\Windows\System32\winrnr.dll
0x000007fefbdb0000 - 0x000007fefbdb7000 	C:\Windows\System32\wshtcpip.dll
0x000007fef9e70000 - 0x000007fef9e97000 	C:\Windows\system32\IPHLPAPI.DLL
0x000007fef9e60000 - 0x000007fef9e6b000 	C:\Windows\system32\WINNSI.DLL
0x000007fef8810000 - 0x000007fef8818000 	C:\Windows\system32\rasadhlp.dll
0x000007fef9410000 - 0x000007fef9463000 	C:\Windows\System32\fwpuclnt.dll
0x000007fef9150000 - 0x000007fef915a000 	C:\Users\krzywick\AppData\Local\Temp\jansi-64-1-3702812581140990247.11

VM Arguments:
jvm_args: -Djline.terminal=jline.UnsupportedTerminal -Dsbt.log.noformat=true -Xmx768M -XX:MaxPermSize=384M -Dplay.version=2.2.1 -Dsbt.ivy.home=M:\.ivy2 
java_command: C:/Program Files (x86)/sbt/bin/sbt-launch.jar < C:/Users/krzywick/AppData/Local/Temp/sbt-commands7519812552742185356.lst
Launcher Type: SUN_STANDARD

Environment Variables:
JAVA_HOME=C:\Program Files\Java\jdk7
PATH=C:\Windows\system32;C:\Windows;C:\Windows\System32\Wbem;C:\Windows\System32\WindowsPowerShell\v1.0\;C:\Program Files\Maven\bin;C:\Program Files\Git\cmd;C:\Program Files (x86)\Vagrant\bin;C:\Program Files\Matlab\R2013a\runtime\win64;C:\Program Files\Matlab\R2013a\bin;C:\Program Files\Python27;C:\Program Files (x86)\erl6.1\bin;C:\Program Files (x86)\sbt\\bin;C:\Program Files (x86)\scala\bin;C:\Program Files\TortoiseSVN\bin;M:\MiKTeX\miktex\bin\x64\
USERNAME=krzywick
OS=Windows_NT
PROCESSOR_IDENTIFIER=Intel64 Family 6 Model 44 Stepping 2, GenuineIntel



---------------  S Y S T E M  ---------------

OS: Windows 7 , 64 bit Build 7601 Service Pack 1

CPU:total 2 (2 cores per cpu, 1 threads per core) family 6 model 44 stepping 2, cmov, cx8, fxsr, mmx, sse, sse2, sse3, ssse3, sse4.1, sse4.2, popcnt, aes, tsc, tscinvbit, tscinv

Memory: 4k page, physical 4193848k(83928k free), swap 8177172k(6112k free)

vm_info: Java HotSpot(TM) 64-Bit Server VM (24.45-b08) for windows-amd64 JRE (1.7.0_45-b18), built on Oct  8 2013 05:47:22 by "java_re" with unknown MS VC++:1600

time: Thu Jan 15 18:26:58 2015
elapsed time: 18 seconds

