#
# There is insufficient memory for the Java Runtime Environment to continue.
# Native memory allocation (malloc) failed to allocate 230448 bytes for Chunk::new
# Possible reasons:
#   The system is out of physical RAM or swap space
#   In 32 bit mode, the process size limit was hit
# Possible solutions:
#   Reduce memory load on the system
#   Increase physical memory or swap space
#   Check if swap backing store is full
#   Use 64 bit Java on a 64 bit OS
#   Decrease Java heap size (-Xmx/-Xms)
#   Decrease number of Java threads
#   Decrease Java thread stack sizes (-Xss)
#   Set larger code cache with -XX:ReservedCodeCacheSize=
# This output file may be truncated or incomplete.
#
#  Out of Memory Error (allocation.cpp:323), pid=5608, tid=3900
#
# JRE version: Java(TM) SE Runtime Environment (7.0_45-b18) (build 1.7.0_45-b18)
# Java VM: Java HotSpot(TM) 64-Bit Server VM (24.45-b08 mixed mode windows-amd64 compressed oops)
# Failed to write core dump. Minidumps are not enabled by default on client versions of Windows
#

---------------  T H R E A D  ---------------

Current thread (0x000000000c331000):  JavaThread "C2 CompilerThread1" daemon [_thread_in_native, id=3900, stack(0x000000000d710000,0x000000000d810000)]

Stack: [0x000000000d710000,0x000000000d810000]

Current CompileTask:
C2: 103286 2729             scala.collection.IterableLike$class::zip (87 bytes)


---------------  P R O C E S S  ---------------

Java Threads: ( => current thread )
  0x000000000ff86800 JavaThread "pool-13-thread-4" [_thread_blocked, id=5632, stack(0x0000000011610000,0x0000000011710000)]
  0x000000000fc17800 JavaThread "pool-13-thread-3" [_thread_in_native, id=7144, stack(0x00000000113f0000,0x00000000114f0000)]
  0x00000000105b6800 JavaThread "pool-13-thread-2" [_thread_in_native, id=5696, stack(0x0000000011150000,0x0000000011250000)]
  0x000000000f99c800 JavaThread "pool-13-thread-1" [_thread_blocked, id=6568, stack(0x0000000011040000,0x0000000011140000)]
  0x000000000c339000 JavaThread "Service Thread" daemon [_thread_blocked, id=6732, stack(0x000000000d970000,0x000000000da70000)]
=>0x000000000c331000 JavaThread "C2 CompilerThread1" daemon [_thread_in_native, id=3900, stack(0x000000000d710000,0x000000000d810000)]
  0x000000000c31e000 JavaThread "C2 CompilerThread0" daemon [_thread_blocked, id=7116, stack(0x000000000d4c0000,0x000000000d5c0000)]
  0x000000000c31c800 JavaThread "Attach Listener" daemon [_thread_blocked, id=6556, stack(0x000000000d1f0000,0x000000000d2f0000)]
  0x000000000c31b000 JavaThread "Signal Dispatcher" daemon [_thread_blocked, id=6588, stack(0x000000000d300000,0x000000000d400000)]
  0x000000000c2c8800 JavaThread "Finalizer" daemon [_thread_blocked, id=6296, stack(0x000000000cf50000,0x000000000d050000)]
  0x0000000001f1a000 JavaThread "Reference Handler" daemon [_thread_blocked, id=6512, stack(0x000000000d050000,0x000000000d150000)]
  0x0000000001faf800 JavaThread "main" [_thread_blocked, id=6824, stack(0x0000000002260000,0x0000000002360000)]

Other Threads:
  0x000000000c2c2000 VMThread [stack: 0x000000000ce00000,0x000000000cf00000] [id=1348]
  0x000000000c342000 WatcherThread [stack: 0x000000000db10000,0x000000000dc10000] [id=6524]

VM state:not at safepoint (normal execution)

VM Mutex/Monitor currently owned by a thread: None

Heap
 PSYoungGen      total 141824K, used 93301K [0x00000000f5500000, 0x0000000100000000, 0x0000000100000000)
  eden space 108544K, 83% used [0x00000000f5500000,0x00000000fada55a0,0x00000000fbf00000)
  from space 33280K, 7% used [0x00000000fbf00000,0x00000000fc178000,0x00000000fdf80000)
  to   space 33280K, 0% used [0x00000000fdf80000,0x00000000fdf80000,0x0000000100000000)
 ParOldGen       total 125952K, used 93826K [0x00000000e0000000, 0x00000000e7b00000, 0x00000000f5500000)
  object space 125952K, 74% used [0x00000000e0000000,0x00000000e5ba0908,0x00000000e7b00000)
 PSPermGen       total 111104K, used 58230K [0x00000000d0000000, 0x00000000d6c80000, 0x00000000e0000000)
  object space 111104K, 52% used [0x00000000d0000000,0x00000000d38dd8c0,0x00000000d6c80000)

Card table byte_map: [0x0000000001fb0000,0x0000000002140000] byte_map_base: 0x0000000001930000

Polling page: 0x0000000000110000

Code Cache  [0x0000000002360000, 0x0000000002880000, 0x000000000a360000)
 total_blobs=2855 nmethods=2461 adapters=344 free_code_cache=126371Kb largest_free_block=128887040

Compilation events (10 events):
Event: 102.493 Thread 0x000000000c331000 nmethod 2724 0x00000000024dee50 code [0x00000000024def80, 0x00000000024defd8]
Event: 102.672 Thread 0x000000000c31e000 2725             java.util.regex.Pattern$Slice::match (79 bytes)
Event: 102.680 Thread 0x000000000c31e000 nmethod 2725 0x0000000002783490 code [0x00000000027835e0, 0x0000000002783b58]
Event: 103.241 Thread 0x000000000c31e000 2727             java.util.ArrayList::ensureExplicitCapacity (26 bytes)
Event: 103.241 Thread 0x000000000c331000 2726             java.util.ArrayList::ensureCapacityInternal (23 bytes)
Event: 103.244 Thread 0x000000000c31e000 nmethod 2727 0x0000000002592b10 code [0x0000000002592c60, 0x0000000002592ea8]
Event: 103.244 Thread 0x000000000c331000 nmethod 2726 0x0000000002738690 code [0x00000000027387e0, 0x0000000002738a48]
Event: 103.244 Thread 0x000000000c31e000 2728             java.util.ArrayList::add (29 bytes)
Event: 103.247 Thread 0x000000000c31e000 nmethod 2728 0x0000000002737f90 code [0x00000000027380e0, 0x00000000027383e8]
Event: 103.251 Thread 0x000000000c331000 2729             scala.collection.IterableLike$class::zip (87 bytes)

GC Heap History (10 events):
Event: 68.578 GC heap before
{Heap before GC invocations=15 (full 1):
 PSYoungGen      total 162304K, used 150016K [0x00000000f5500000, 0x00000000fff80000, 0x0000000100000000)
  eden space 150016K, 100% used [0x00000000f5500000,0x00000000fe780000,0x00000000fe780000)
  from space 12288K, 0% used [0x00000000fe780000,0x00000000fe780000,0x00000000ff380000)
  to   space 12288K, 0% used [0x00000000ff380000,0x00000000ff380000,0x00000000fff80000)
 ParOldGen       total 56320K, used 26023K [0x00000000e0000000, 0x00000000e3700000, 0x00000000f5500000)
  object space 56320K, 46% used [0x00000000e0000000,0x00000000e1969f10,0x00000000e3700000)
 PSPermGen       total 93696K, used 46840K [0x00000000d0000000, 0x00000000d5b80000, 0x00000000e0000000)
  object space 93696K, 49% used [0x00000000d0000000,0x00000000d2dbe0e0,0x00000000d5b80000)
Event: 68.590 GC heap after
Heap after GC invocations=15 (full 1):
 PSYoungGen      total 162304K, used 4245K [0x00000000f5500000, 0x0000000100000000, 0x0000000100000000)
  eden space 150016K, 0% used [0x00000000f5500000,0x00000000f5500000,0x00000000fe780000)
  from space 12288K, 34% used [0x00000000ff380000,0x00000000ff7a5560,0x00000000fff80000)
  to   space 12288K, 0% used [0x00000000fe780000,0x00000000fe780000,0x00000000ff380000)
 ParOldGen       total 56320K, used 26023K [0x00000000e0000000, 0x00000000e3700000, 0x00000000f5500000)
  object space 56320K, 46% used [0x00000000e0000000,0x00000000e1969f10,0x00000000e3700000)
 PSPermGen       total 93696K, used 46840K [0x00000000d0000000, 0x00000000d5b80000, 0x00000000e0000000)
  object space 93696K, 49% used [0x00000000d0000000,0x00000000d2dbe0e0,0x00000000d5b80000)
}
Event: 76.996 GC heap before
{Heap before GC invocations=16 (full 1):
 PSYoungGen      total 162304K, used 154261K [0x00000000f5500000, 0x0000000100000000, 0x0000000100000000)
  eden space 150016K, 100% used [0x00000000f5500000,0x00000000fe780000,0x00000000fe780000)
  from space 12288K, 34% used [0x00000000ff380000,0x00000000ff7a5560,0x00000000fff80000)
  to   space 12288K, 0% used [0x00000000fe780000,0x00000000fe780000,0x00000000ff380000)
 ParOldGen       total 56320K, used 26023K [0x00000000e0000000, 0x00000000e3700000, 0x00000000f5500000)
  object space 56320K, 46% used [0x00000000e0000000,0x00000000e1969f10,0x00000000e3700000)
 PSPermGen       total 93696K, used 54202K [0x00000000d0000000, 0x00000000d5b80000, 0x00000000e0000000)
  object space 93696K, 57% used [0x00000000d0000000,0x00000000d34ee928,0x00000000d5b80000)
Event: 77.150 GC heap after
Heap after GC invocations=16 (full 1):
 PSYoungGen      total 162304K, used 12281K [0x00000000f5500000, 0x0000000100000000, 0x0000000100000000)
  eden space 150016K, 0% used [0x00000000f5500000,0x00000000f5500000,0x00000000fe780000)
  from space 12288K, 99% used [0x00000000fe780000,0x00000000ff37e570,0x00000000ff380000)
  to   space 12800K, 0% used [0x00000000ff380000,0x00000000ff380000,0x0000000100000000)
 ParOldGen       total 63488K, used 63332K [0x00000000e0000000, 0x00000000e3e00000, 0x00000000f5500000)
  object space 63488K, 99% used [0x00000000e0000000,0x00000000e3dd9278,0x00000000e3e00000)
 PSPermGen       total 93696K, used 54202K [0x00000000d0000000, 0x00000000d5b80000, 0x00000000e0000000)
  object space 93696K, 57% used [0x00000000d0000000,0x00000000d34ee928,0x00000000d5b80000)
}
Event: 77.150 GC heap before
{Heap before GC invocations=17 (full 2):
 PSYoungGen      total 162304K, used 12281K [0x00000000f5500000, 0x0000000100000000, 0x0000000100000000)
  eden space 150016K, 0% used [0x00000000f5500000,0x00000000f5500000,0x00000000fe780000)
  from space 12288K, 99% used [0x00000000fe780000,0x00000000ff37e570,0x00000000ff380000)
  to   space 12800K, 0% used [0x00000000ff380000,0x00000000ff380000,0x0000000100000000)
 ParOldGen       total 63488K, used 63332K [0x00000000e0000000, 0x00000000e3e00000, 0x00000000f5500000)
  object space 63488K, 99% used [0x00000000e0000000,0x00000000e3dd9278,0x00000000e3e00000)
 PSPermGen       total 93696K, used 54202K [0x00000000d0000000, 0x00000000d5b80000, 0x00000000e0000000)
  object space 93696K, 57% used [0x00000000d0000000,0x00000000d34ee928,0x00000000d5b80000)
Event: 79.382 GC heap after
Heap after GC invocations=17 (full 2):
 PSYoungGen      total 162304K, used 9688K [0x00000000f5500000, 0x0000000100000000, 0x0000000100000000)
  eden space 150016K, 0% used [0x00000000f5500000,0x00000000f5500000,0x00000000fe780000)
  from space 12288K, 78% used [0x00000000fe780000,0x00000000ff0f6300,0x00000000ff380000)
  to   space 12800K, 0% used [0x00000000ff380000,0x00000000ff380000,0x0000000100000000)
 ParOldGen       total 125952K, used 63275K [0x00000000e0000000, 0x00000000e7b00000, 0x00000000f5500000)
  object space 125952K, 50% used [0x00000000e0000000,0x00000000e3dcae50,0x00000000e7b00000)
 PSPermGen       total 111104K, used 54145K [0x00000000d0000000, 0x00000000d6c80000, 0x00000000e0000000)
  object space 111104K, 48% used [0x00000000d0000000,0x00000000d34e06d8,0x00000000d6c80000)
}
Event: 86.903 GC heap before
{Heap before GC invocations=18 (full 2):
 PSYoungGen      total 162304K, used 159704K [0x00000000f5500000, 0x0000000100000000, 0x0000000100000000)
  eden space 150016K, 100% used [0x00000000f5500000,0x00000000fe780000,0x00000000fe780000)
  from space 12288K, 78% used [0x00000000fe780000,0x00000000ff0f6300,0x00000000ff380000)
  to   space 12800K, 0% used [0x00000000ff380000,0x00000000ff380000,0x0000000100000000)
 ParOldGen       total 125952K, used 63275K [0x00000000e0000000, 0x00000000e7b00000, 0x00000000f5500000)
  object space 125952K, 50% used [0x00000000e0000000,0x00000000e3dcae50,0x00000000e7b00000)
 PSPermGen       total 111104K, used 58083K [0x00000000d0000000, 0x00000000d6c80000, 0x00000000e0000000)
  object space 111104K, 52% used [0x00000000d0000000,0x00000000d38b8dd0,0x00000000d6c80000)
Event: 87.027 GC heap after
Heap after GC invocations=18 (full 2):
 PSYoungGen      total 121344K, used 12796K [0x00000000f5500000, 0x0000000100000000, 0x0000000100000000)
  eden space 108544K, 0% used [0x00000000f5500000,0x00000000f5500000,0x00000000fbf00000)
  from space 12800K, 99% used [0x00000000ff380000,0x00000000fffff3d8,0x0000000100000000)
  to   space 33280K, 0% used [0x00000000fbf00000,0x00000000fbf00000,0x00000000fdf80000)
 ParOldGen       total 125952K, used 81171K [0x00000000e0000000, 0x00000000e7b00000, 0x00000000f5500000)
  object space 125952K, 64% used [0x00000000e0000000,0x00000000e4f44cb0,0x00000000e7b00000)
 PSPermGen       total 111104K, used 58083K [0x00000000d0000000, 0x00000000d6c80000, 0x00000000e0000000)
  object space 111104K, 52% used [0x00000000d0000000,0x00000000d38b8dd0,0x00000000d6c80000)
}
Event: 87.856 GC heap before
{Heap before GC invocations=19 (full 2):
 PSYoungGen      total 121344K, used 121340K [0x00000000f5500000, 0x0000000100000000, 0x0000000100000000)
  eden space 108544K, 100% used [0x00000000f5500000,0x00000000fbf00000,0x00000000fbf00000)
  from space 12800K, 99% used [0x00000000ff380000,0x00000000fffff3d8,0x0000000100000000)
  to   space 33280K, 0% used [0x00000000fbf00000,0x00000000fbf00000,0x00000000fdf80000)
 ParOldGen       total 125952K, used 81171K [0x00000000e0000000, 0x00000000e7b00000, 0x00000000f5500000)
  object space 125952K, 64% used [0x00000000e0000000,0x00000000e4f44cb0,0x00000000e7b00000)
 PSPermGen       total 111104K, used 58175K [0x00000000d0000000, 0x00000000d6c80000, 0x00000000e0000000)
  object space 111104K, 52% used [0x00000000d0000000,0x00000000d38cfed8,0x00000000d6c80000)
Event: 87.918 GC heap after
Heap after GC invocations=19 (full 2):
 PSYoungGen      total 141824K, used 2528K [0x00000000f5500000, 0x0000000100000000, 0x0000000100000000)
  eden space 108544K, 0% used [0x00000000f5500000,0x00000000f5500000,0x00000000fbf00000)
  from space 33280K, 7% used [0x00000000fbf00000,0x00000000fc178000,0x00000000fdf80000)
  to   space 33280K, 0% used [0x00000000fdf80000,0x00000000fdf80000,0x0000000100000000)
 ParOldGen       total 125952K, used 93826K [0x00000000e0000000, 0x00000000e7b00000, 0x00000000f5500000)
  object space 125952K, 74% used [0x00000000e0000000,0x00000000e5ba0908,0x00000000e7b00000)
 PSPermGen       total 111104K, used 58175K [0x00000000d0000000, 0x00000000d6c80000, 0x00000000e0000000)
  object space 111104K, 52% used [0x00000000d0000000,0x00000000d38cfed8,0x00000000d6c80000)
}

Deoptimization events (10 events):
Event: 85.555 Thread 0x0000000001faf800 Uncommon trap: reason=class_check action=maybe_recompile pc=0x000000000271635c method=scala.reflect.internal.Symbols$Symbol.adaptInfos(Lscala/reflect/internal/Symbols$TypeHistory;)Lscala/reflect/internal/Symbols$TypeHistory; @ 7
Event: 85.555 Thread 0x0000000001faf800 Uncommon trap: reason=class_check action=maybe_recompile pc=0x000000000271635c method=scala.reflect.internal.Symbols$Symbol.adaptInfos(Lscala/reflect/internal/Symbols$TypeHistory;)Lscala/reflect/internal/Symbols$TypeHistory; @ 7
Event: 85.668 Thread 0x0000000001faf800 Uncommon trap: reason=bimorphic action=maybe_recompile pc=0x0000000002811a3c method=scala.collection.LinearSeqOptimized$class.loop$1(Lscala/collection/LinearSeqOptimized;ILscala/collection/LinearSeqOptimized;I)I @ 23
Event: 85.811 Thread 0x0000000001faf800 Uncommon trap: reason=class_check action=maybe_recompile pc=0x00000000024df330 method=scala.reflect.internal.Names$Name.containsChar(C)Z @ 24
Event: 85.869 Thread 0x0000000001faf800 Uncommon trap: reason=bimorphic action=maybe_recompile pc=0x0000000002811a3c method=scala.collection.LinearSeqOptimized$class.loop$1(Lscala/collection/LinearSeqOptimized;ILscala/collection/LinearSeqOptimized;I)I @ 23
Event: 85.968 Thread 0x0000000001faf800 Uncommon trap: reason=class_check action=maybe_recompile pc=0x00000000024df330 method=scala.reflect.internal.Names$Name.containsChar(C)Z @ 24
Event: 86.023 Thread 0x0000000001faf800 Uncommon trap: reason=bimorphic action=maybe_recompile pc=0x0000000002811a3c method=scala.collection.LinearSeqOptimized$class.loop$1(Lscala/collection/LinearSeqOptimized;ILscala/collection/LinearSeqOptimized;I)I @ 23
Event: 86.130 Thread 0x0000000001faf800 Uncommon trap: reason=class_check action=maybe_recompile pc=0x00000000024df330 method=scala.reflect.internal.Names$Name.containsChar(C)Z @ 24
Event: 86.183 Thread 0x0000000001faf800 Uncommon trap: reason=bimorphic action=maybe_recompile pc=0x000000000276407c method=scala.collection.LinearSeqOptimized$class.loop$1(Lscala/collection/LinearSeqOptimized;ILscala/collection/LinearSeqOptimized;I)I @ 23
Event: 86.510 Thread 0x0000000001faf800 Uncommon trap: reason=class_check action=maybe_recompile pc=0x0000000002592ca0 method=sbt.Scope$$anonfun$mapReference$1.apply(Lsbt/Scope;)Lsbt/Scope; @ 66

Internal exceptions (10 events):
Event: 102.475 Thread 0x000000000f99c800 Threw 0x00000000f8c829f8 at C:\re\jdk7u45\229\hotspot\src\share\vm\prims\jvm.cpp:1244
Event: 102.475 Thread 0x000000000f99c800 Threw 0x00000000f8c83188 at C:\re\jdk7u45\229\hotspot\src\share\vm\prims\jvm.cpp:1244
Event: 102.475 Thread 0x000000000f99c800 Threw 0x00000000f8c83940 at C:\re\jdk7u45\229\hotspot\src\share\vm\prims\jvm.cpp:1244
Event: 102.475 Thread 0x000000000f99c800 Threw 0x00000000f8c84610 at C:\re\jdk7u45\229\hotspot\src\share\vm\prims\jvm.cpp:1244
Event: 102.475 Thread 0x000000000f99c800 Threw 0x00000000f8c89d30 at C:\re\jdk7u45\229\hotspot\src\share\vm\prims\jvm.cpp:1244
Event: 102.652 Thread 0x00000000105b6800 Threw 0x00000000f8a240f0 at C:\re\jdk7u45\229\hotspot\src\share\vm\prims\jvm.cpp:1244
Event: 102.652 Thread 0x00000000105b6800 Threw 0x00000000f8a24920 at C:\re\jdk7u45\229\hotspot\src\share\vm\prims\jvm.cpp:1244
Event: 102.652 Thread 0x00000000105b6800 Threw 0x00000000f8a25378 at C:\re\jdk7u45\229\hotspot\src\share\vm\prims\jvm.cpp:1244
Event: 102.652 Thread 0x00000000105b6800 Threw 0x00000000f8a26468 at C:\re\jdk7u45\229\hotspot\src\share\vm\prims\jvm.cpp:1244
Event: 102.652 Thread 0x00000000105b6800 Threw 0x00000000f8a2cf08 at C:\re\jdk7u45\229\hotspot\src\share\vm\prims\jvm.cpp:1244

Events (10 events):
Event: 102.472 Executing VM operation: RevokeBias
Event: 102.472 Executing VM operation: RevokeBias done
Event: 102.472 loading class 0x000000000e80e780
Event: 102.472 loading class 0x000000000e80e780 done
Event: 102.474 loading class 0x000000000f226990
Event: 102.475 loading class 0x000000000f226990 done
Event: 102.494 Thread 0x000000000c331000 flushing nmethod 0x0000000002763e90
Event: 102.652 loading class 0x000000000dc8d660
Event: 102.652 loading class 0x000000000dc8d660 done
Event: 102.681 Thread 0x000000000c31e000 flushing nmethod 0x0000000002811850


Dynamic libraries:
0x000000013fc90000 - 0x000000013fcc3000 	C:\Program Files\Java\jdk7\bin\java.exe
0x0000000077aa0000 - 0x0000000077c49000 	C:\Windows\SYSTEM32\ntdll.dll
0x0000000077980000 - 0x0000000077a9f000 	C:\Windows\system32\kernel32.dll
0x000007fefdb60000 - 0x000007fefdbcc000 	C:\Windows\system32\KERNELBASE.dll
0x000007feff2a0000 - 0x000007feff37b000 	C:\Windows\system32\ADVAPI32.dll
0x000007feff5a0000 - 0x000007feff63f000 	C:\Windows\system32\msvcrt.dll
0x000007feff850000 - 0x000007feff86f000 	C:\Windows\SYSTEM32\sechost.dll
0x000007fefdfd0000 - 0x000007fefe0fd000 	C:\Windows\system32\RPCRT4.dll
0x0000000077880000 - 0x000000007797a000 	C:\Windows\system32\USER32.dll
0x000007feff380000 - 0x000007feff3e7000 	C:\Windows\system32\GDI32.dll
0x000007fefdc90000 - 0x000007fefdc9e000 	C:\Windows\system32\LPK.dll
0x000007fefe100000 - 0x000007fefe1c9000 	C:\Windows\system32\USP10.dll
0x000007fefc0a0000 - 0x000007fefc294000 	C:\Windows\WinSxS\amd64_microsoft.windows.common-controls_6595b64144ccf1df_6.0.7601.17514_none_fa396087175ac9ac\COMCTL32.dll
0x000007fefdca0000 - 0x000007fefdd11000 	C:\Windows\system32\SHLWAPI.dll
0x000007feff640000 - 0x000007feff66e000 	C:\Windows\system32\IMM32.DLL
0x000007fefe1d0000 - 0x000007fefe2d9000 	C:\Windows\system32\MSCTF.dll
0x0000000067b10000 - 0x0000000067be2000 	C:\Program Files\Java\jdk7\jre\bin\msvcr100.dll
0x0000000064e00000 - 0x00000000655c9000 	C:\Program Files\Java\jdk7\jre\bin\server\jvm.dll
0x000007fef5de0000 - 0x000007fef5de9000 	C:\Windows\system32\WSOCK32.dll
0x000007feff3f0000 - 0x000007feff43d000 	C:\Windows\system32\WS2_32.dll
0x000007feff870000 - 0x000007feff878000 	C:\Windows\system32\NSI.dll
0x000007fefafb0000 - 0x000007fefafeb000 	C:\Windows\system32\WINMM.dll
0x0000000077c60000 - 0x0000000077c67000 	C:\Windows\system32\PSAPI.DLL
0x0000000069e40000 - 0x0000000069e4f000 	C:\Program Files\Java\jdk7\jre\bin\verify.dll
0x0000000069130000 - 0x0000000069158000 	C:\Program Files\Java\jdk7\jre\bin\java.dll
0x0000000069170000 - 0x0000000069185000 	C:\Program Files\Java\jdk7\jre\bin\zip.dll
0x0000000069110000 - 0x0000000069129000 	C:\Program Files\Java\jdk7\jre\bin\net.dll
0x000007fefd040000 - 0x000007fefd095000 	C:\Windows\system32\mswsock.dll
0x000007fefd2d0000 - 0x000007fefd2d7000 	C:\Windows\System32\wship6.dll
0x0000000068670000 - 0x0000000068681000 	C:\Program Files\Java\jdk7\jre\bin\nio.dll
0x000007fefd0a0000 - 0x000007fefd0b7000 	C:\Windows\system32\CRYPTSP.dll
0x000007fefcdb0000 - 0x000007fefcdf7000 	C:\Windows\system32\rsaenh.dll
0x000007fefdc60000 - 0x000007fefdc7e000 	C:\Windows\system32\USERENV.dll
0x000007fefd8d0000 - 0x000007fefd8df000 	C:\Windows\system32\profapi.dll
0x000007fefd730000 - 0x000007fefd73f000 	C:\Windows\system32\CRYPTBASE.dll
0x000007fefae30000 - 0x000007fefae45000 	C:\Windows\system32\NLAapi.dll
0x000007fef9130000 - 0x000007fef9145000 	C:\Windows\system32\napinsp.dll
0x000007fef9150000 - 0x000007fef9169000 	C:\Windows\system32\pnrpnsp.dll
0x000007fefced0000 - 0x000007fefcf2b000 	C:\Windows\system32\DNSAPI.dll
0x000007fef9120000 - 0x000007fef912b000 	C:\Windows\System32\winrnr.dll
0x000007fefc710000 - 0x000007fefc717000 	C:\Windows\System32\wshtcpip.dll
0x000007fefa7d0000 - 0x000007fefa7f7000 	C:\Windows\system32\IPHLPAPI.DLL
0x000007fefa7c0000 - 0x000007fefa7cb000 	C:\Windows\system32\WINNSI.DLL
0x000007fef9170000 - 0x000007fef9178000 	C:\Windows\system32\rasadhlp.dll
0x000007fef9e10000 - 0x000007fef9e63000 	C:\Windows\System32\fwpuclnt.dll
0x000007fefb6b0000 - 0x000007fefb6ba000 	C:\Users\krzywick\AppData\Local\Temp\jansi-64-1-4157394260111630482.11

VM Arguments:
jvm_args: -Xmx512M -XX:MaxPermSize=256m -XX:ReservedCodeCacheSize=128m -Dsbt.log.format=true -Dsbt.ivy.home=M:\.ivy2 -Dsbt.global.base=M:\.sbt\0.13 
java_command: xsbt.boot.Boot
Launcher Type: SUN_STANDARD

Environment Variables:
JAVA_HOME=C:\Program Files\Java\jdk7
PATH=C:\Program Files\Ruby21\bin;C:\Windows\system32;C:\Windows;C:\Windows\System32\Wbem;C:\Windows\System32\WindowsPowerShell\v1.0\;C:\Program Files\Maven\bin;C:\Program Files\Git\cmd;C:\Program Files (x86)\Vagrant\bin;C:\Program Files\Matlab\R2013a\runtime\win64;C:\Program Files\Matlab\R2013a\bin;C:\Program Files\Python27;C:\Program Files (x86)\erl6.1\bin;C:\Program Files (x86)\sbt\\bin;C:\Program Files (x86)\scala\bin;C:\Program Files\TortoiseSVN\bin;C:\Program Files\Ruby21\bin;M:\MiKTeX\miktex\bin\x64\
USERNAME=krzywick
OS=Windows_NT
PROCESSOR_IDENTIFIER=Intel64 Family 6 Model 44 Stepping 2, GenuineIntel



---------------  S Y S T E M  ---------------

OS: Windows 7 , 64 bit Build 7601 Service Pack 1

CPU:total 2 (2 cores per cpu, 1 threads per core) family 6 model 44 stepping 2, cmov, cx8, fxsr, mmx, sse, sse2, sse3, ssse3, sse4.1, sse4.2, popcnt, aes, tsc, tscinvbit, tscinv

Memory: 4k page, physical 4193848k(18172k free), swap 6289136k(4248k free)

vm_info: Java HotSpot(TM) 64-Bit Server VM (24.45-b08) for windows-amd64 JRE (1.7.0_45-b18), built on Oct  8 2013 05:47:22 by "java_re" with unknown MS VC++:1600

time: Fri Jan 16 16:18:35 2015
elapsed time: 103 seconds

