#
# There is insufficient memory for the Java Runtime Environment to continue.
# Native memory allocation (malloc) failed to allocate 196240 bytes for Chunk::new
# Possible reasons:
#   The system is out of physical RAM or swap space
#   In 32 bit mode, the process size limit was hit
# Possible solutions:
#   Reduce memory load on the system
#   Increase physical memory or swap space
#   Check if swap backing store is full
#   Use 64 bit Java on a 64 bit OS
#   Decrease Java heap size (-Xmx/-Xms)
#   Decrease number of Java threads
#   Decrease Java thread stack sizes (-Xss)
#   Set larger code cache with -XX:ReservedCodeCacheSize=
# This output file may be truncated or incomplete.
#
#  Out of Memory Error (allocation.cpp:323), pid=5496, tid=4056
#
# JRE version: Java(TM) SE Runtime Environment (7.0_45-b18) (build 1.7.0_45-b18)
# Java VM: Java HotSpot(TM) 64-Bit Server VM (24.45-b08 mixed mode windows-amd64 compressed oops)
# Failed to write core dump. Minidumps are not enabled by default on client versions of Windows
#

---------------  T H R E A D  ---------------

Current thread (0x0000000007fb9000):  JavaThread "C2 CompilerThread1" daemon [_thread_in_native, id=4056, stack(0x0000000008e60000,0x0000000008f60000)]

Stack: [0x0000000008e60000,0x0000000008f60000]

Current CompileTask:
C2:  38923 2911             org.apache.ivy.core.resolve.IvyNodeEviction::cleanEvicted (118 bytes)


---------------  P R O C E S S  ---------------

Java Threads: ( => current thread )
  0x000000000ace7000 JavaThread "pool-7-thread-4" [_thread_blocked, id=11220, stack(0x000000000e010000,0x000000000e110000)]
  0x000000000ad0a000 JavaThread "pool-7-thread-3" [_thread_blocked, id=11252, stack(0x000000000dec0000,0x000000000dfc0000)]
  0x000000000ad09800 JavaThread "pool-7-thread-2" [_thread_in_native, id=2616, stack(0x000000000ddc0000,0x000000000dec0000)]
  0x000000000ad08800 JavaThread "pool-7-thread-1" [_thread_blocked, id=8800, stack(0x000000000b900000,0x000000000ba00000)]
  0x0000000007fbd800 JavaThread "Service Thread" daemon [_thread_blocked, id=4492, stack(0x00000000093e0000,0x00000000094e0000)]
=>0x0000000007fb9000 JavaThread "C2 CompilerThread1" daemon [_thread_in_native, id=4056, stack(0x0000000008e60000,0x0000000008f60000)]
  0x0000000007faf000 JavaThread "C2 CompilerThread0" daemon [_thread_in_native, id=10508, stack(0x00000000091f0000,0x00000000092f0000)]
  0x0000000007fac800 JavaThread "Attach Listener" daemon [_thread_blocked, id=9668, stack(0x0000000009050000,0x0000000009150000)]
  0x0000000007fab000 JavaThread "Signal Dispatcher" daemon [_thread_blocked, id=10704, stack(0x0000000008d60000,0x0000000008e60000)]
  0x0000000007f58800 JavaThread "Finalizer" daemon [_thread_blocked, id=6336, stack(0x0000000008c60000,0x0000000008d60000)]
  0x0000000001e3a800 JavaThread "Reference Handler" daemon [_thread_blocked, id=11088, stack(0x0000000008b40000,0x0000000008c40000)]
  0x0000000001ebf000 JavaThread "main" [_thread_blocked, id=13152, stack(0x0000000002140000,0x0000000002240000)]

Other Threads:
  0x0000000007f52000 VMThread [stack: 0x0000000008990000,0x0000000008a90000] [id=9932]
  0x0000000007fce800 WatcherThread [stack: 0x0000000009650000,0x0000000009750000] [id=13144]

VM state:not at safepoint (normal execution)

VM Mutex/Monitor currently owned by a thread: None

Heap
 PSYoungGen      total 217088K, used 34927K [0x00000000f0000000, 0x00000000ffb00000, 0x0000000100000000)
  eden space 178176K, 14% used [0x00000000f0000000,0x00000000f1957608,0x00000000fae00000)
  from space 38912K, 23% used [0x00000000fd500000,0x00000000fddc4768,0x00000000ffb00000)
  to   space 39424K, 0% used [0x00000000fae00000,0x00000000fae00000,0x00000000fd480000)
 ParOldGen       total 153088K, used 62415K [0x00000000d0000000, 0x00000000d9580000, 0x00000000f0000000)
  object space 153088K, 40% used [0x00000000d0000000,0x00000000d3cf3f28,0x00000000d9580000)
 PSPermGen       total 98816K, used 57597K [0x00000000b8000000, 0x00000000be080000, 0x00000000d0000000)
  object space 98816K, 58% used [0x00000000b8000000,0x00000000bb83f678,0x00000000be080000)

Card table byte_map: [0x0000000005240000,0x0000000005490000] byte_map_base: 0x0000000004c80000

Polling page: 0x0000000001b40000

Code Cache  [0x0000000002240000, 0x00000000027e0000, 0x0000000005240000)
 total_blobs=2921 nmethods=2520 adapters=351 free_code_cache=43514Kb largest_free_block=44435776

Compilation events (10 events):
Event: 38.800 Thread 0x0000000007faf000 nmethod 2906 0x0000000002796050 code [0x00000000027961a0, 0x0000000002796518]
Event: 38.821 Thread 0x0000000007faf000 2907             org.apache.ivy.core.module.id.ModuleRules::getRule (84 bytes)
Event: 38.832 Thread 0x0000000007faf000 nmethod 2907 0x00000000027c3410 code [0x00000000027c35c0, 0x00000000027c3c58]
Event: 38.833 Thread 0x0000000007faf000 2908             org.apache.ivy.core.module.id.ModuleRules::getRule (16 bytes)
Event: 38.834 Thread 0x0000000007faf000 nmethod 2908 0x0000000002795d90 code [0x0000000002795ee0, 0x0000000002795f68]
Event: 38.881 Thread 0x0000000007fb9000 nmethod 2905 0x00000000027d9290 code [0x00000000027d9620, 0x00000000027db588]
Event: 38.886 Thread 0x0000000007faf000 2909             org.apache.ivy.core.resolve.IvyNode::getDependencies (296 bytes)
Event: 38.889 Thread 0x0000000007fb9000 2910  s          java.util.Stack::peek (25 bytes)
Event: 38.891 Thread 0x0000000007fb9000 nmethod 2910 0x00000000027c2e10 code [0x00000000027c2f60, 0x00000000027c31f8]
Event: 38.895 Thread 0x0000000007fb9000 2911             org.apache.ivy.core.resolve.IvyNodeEviction::cleanEvicted (118 bytes)

GC Heap History (10 events):
Event: 28.860 GC heap before
{Heap before GC invocations=17 (full 2):
 PSYoungGen      total 159744K, used 159712K [0x00000000f0000000, 0x00000000fcd00000, 0x0000000100000000)
  eden space 132608K, 100% used [0x00000000f0000000,0x00000000f8180000,0x00000000f8180000)
  from space 27136K, 99% used [0x00000000fa100000,0x00000000fbb78080,0x00000000fbb80000)
  to   space 32256K, 0% used [0x00000000f8180000,0x00000000f8180000,0x00000000fa100000)
 ParOldGen       total 89600K, used 26811K [0x00000000d0000000, 0x00000000d5780000, 0x00000000f0000000)
  object space 89600K, 29% used [0x00000000d0000000,0x00000000d1a2ed40,0x00000000d5780000)
 PSPermGen       total 93696K, used 53418K [0x00000000b8000000, 0x00000000bdb80000, 0x00000000d0000000)
  object space 93696K, 57% used [0x00000000b8000000,0x00000000bb42a990,0x00000000bdb80000)
Event: 28.965 GC heap after
Heap after GC invocations=17 (full 2):
 PSYoungGen      total 164864K, used 32252K [0x00000000f0000000, 0x00000000ff680000, 0x0000000100000000)
  eden space 132608K, 0% used [0x00000000f0000000,0x00000000f0000000,0x00000000f8180000)
  from space 32256K, 99% used [0x00000000f8180000,0x00000000fa0ff098,0x00000000fa100000)
  to   space 43008K, 0% used [0x00000000fcc80000,0x00000000fcc80000,0x00000000ff680000)
 ParOldGen       total 89600K, used 40415K [0x00000000d0000000, 0x00000000d5780000, 0x00000000f0000000)
  object space 89600K, 45% used [0x00000000d0000000,0x00000000d2777d18,0x00000000d5780000)
 PSPermGen       total 93696K, used 53418K [0x00000000b8000000, 0x00000000bdb80000, 0x00000000d0000000)
  object space 93696K, 57% used [0x00000000b8000000,0x00000000bb42a990,0x00000000bdb80000)
}
Event: 29.670 GC heap before
{Heap before GC invocations=18 (full 2):
 PSYoungGen      total 164864K, used 164860K [0x00000000f0000000, 0x00000000ff680000, 0x0000000100000000)
  eden space 132608K, 100% used [0x00000000f0000000,0x00000000f8180000,0x00000000f8180000)
  from space 32256K, 99% used [0x00000000f8180000,0x00000000fa0ff098,0x00000000fa100000)
  to   space 43008K, 0% used [0x00000000fcc80000,0x00000000fcc80000,0x00000000ff680000)
 ParOldGen       total 89600K, used 40415K [0x00000000d0000000, 0x00000000d5780000, 0x00000000f0000000)
  object space 89600K, 45% used [0x00000000d0000000,0x00000000d2777d18,0x00000000d5780000)
 PSPermGen       total 93696K, used 53445K [0x00000000b8000000, 0x00000000bdb80000, 0x00000000d0000000)
  object space 93696K, 57% used [0x00000000b8000000,0x00000000bb431460,0x00000000bdb80000)
Event: 29.765 GC heap after
Heap after GC invocations=18 (full 2):
 PSYoungGen      total 209920K, used 2240K [0x00000000f0000000, 0x0000000100000000, 0x0000000100000000)
  eden space 166912K, 0% used [0x00000000f0000000,0x00000000f0000000,0x00000000fa300000)
  from space 43008K, 5% used [0x00000000fcc80000,0x00000000fceb0000,0x00000000ff680000)
  to   space 42496K, 0% used [0x00000000fa300000,0x00000000fa300000,0x00000000fcc80000)
 ParOldGen       total 89600K, used 72771K [0x00000000d0000000, 0x00000000d5780000, 0x00000000f0000000)
  object space 89600K, 81% used [0x00000000d0000000,0x00000000d4710ff8,0x00000000d5780000)
 PSPermGen       total 93696K, used 53445K [0x00000000b8000000, 0x00000000bdb80000, 0x00000000d0000000)
  object space 93696K, 57% used [0x00000000b8000000,0x00000000bb431460,0x00000000bdb80000)
}
Event: 29.765 GC heap before
{Heap before GC invocations=19 (full 3):
 PSYoungGen      total 209920K, used 2240K [0x00000000f0000000, 0x0000000100000000, 0x0000000100000000)
  eden space 166912K, 0% used [0x00000000f0000000,0x00000000f0000000,0x00000000fa300000)
  from space 43008K, 5% used [0x00000000fcc80000,0x00000000fceb0000,0x00000000ff680000)
  to   space 42496K, 0% used [0x00000000fa300000,0x00000000fa300000,0x00000000fcc80000)
 ParOldGen       total 89600K, used 72771K [0x00000000d0000000, 0x00000000d5780000, 0x00000000f0000000)
  object space 89600K, 81% used [0x00000000d0000000,0x00000000d4710ff8,0x00000000d5780000)
 PSPermGen       total 93696K, used 53445K [0x00000000b8000000, 0x00000000bdb80000, 0x00000000d0000000)
  object space 93696K, 57% used [0x00000000b8000000,0x00000000bb431460,0x00000000bdb80000)
Event: 30.584 GC heap after
Heap after GC invocations=19 (full 3):
 PSYoungGen      total 209920K, used 0K [0x00000000f0000000, 0x0000000100000000, 0x0000000100000000)
  eden space 166912K, 0% used [0x00000000f0000000,0x00000000f0000000,0x00000000fa300000)
  from space 43008K, 0% used [0x00000000fcc80000,0x00000000fcc80000,0x00000000ff680000)
  to   space 42496K, 0% used [0x00000000fa300000,0x00000000fa300000,0x00000000fcc80000)
 ParOldGen       total 153088K, used 62415K [0x00000000d0000000, 0x00000000d9580000, 0x00000000f0000000)
  object space 153088K, 40% used [0x00000000d0000000,0x00000000d3cf3f28,0x00000000d9580000)
 PSPermGen       total 98816K, used 53438K [0x00000000b8000000, 0x00000000be080000, 0x00000000d0000000)
  object space 98816K, 54% used [0x00000000b8000000,0x00000000bb42fa28,0x00000000be080000)
}
Event: 31.975 GC heap before
{Heap before GC invocations=20 (full 3):
 PSYoungGen      total 209920K, used 166912K [0x00000000f0000000, 0x0000000100000000, 0x0000000100000000)
  eden space 166912K, 100% used [0x00000000f0000000,0x00000000fa300000,0x00000000fa300000)
  from space 43008K, 0% used [0x00000000fcc80000,0x00000000fcc80000,0x00000000ff680000)
  to   space 42496K, 0% used [0x00000000fa300000,0x00000000fa300000,0x00000000fcc80000)
 ParOldGen       total 153088K, used 62415K [0x00000000d0000000, 0x00000000d9580000, 0x00000000f0000000)
  object space 153088K, 40% used [0x00000000d0000000,0x00000000d3cf3f28,0x00000000d9580000)
 PSPermGen       total 98816K, used 53550K [0x00000000b8000000, 0x00000000be080000, 0x00000000d0000000)
  object space 98816K, 54% used [0x00000000b8000000,0x00000000bb44b968,0x00000000be080000)
Event: 31.987 GC heap after
Heap after GC invocations=20 (full 3):
 PSYoungGen      total 209408K, used 3472K [0x00000000f0000000, 0x00000000ffd80000, 0x0000000100000000)
  eden space 166912K, 0% used [0x00000000f0000000,0x00000000f0000000,0x00000000fa300000)
  from space 42496K, 8% used [0x00000000fa300000,0x00000000fa664010,0x00000000fcc80000)
  to   space 41472K, 0% used [0x00000000fd500000,0x00000000fd500000,0x00000000ffd80000)
 ParOldGen       total 153088K, used 62415K [0x00000000d0000000, 0x00000000d9580000, 0x00000000f0000000)
  object space 153088K, 40% used [0x00000000d0000000,0x00000000d3cf3f28,0x00000000d9580000)
 PSPermGen       total 98816K, used 53550K [0x00000000b8000000, 0x00000000be080000, 0x00000000d0000000)
  object space 98816K, 54% used [0x00000000b8000000,0x00000000bb44b968,0x00000000be080000)
}
Event: 37.260 GC heap before
{Heap before GC invocations=21 (full 3):
 PSYoungGen      total 209408K, used 170384K [0x00000000f0000000, 0x00000000ffd80000, 0x0000000100000000)
  eden space 166912K, 100% used [0x00000000f0000000,0x00000000fa300000,0x00000000fa300000)
  from space 42496K, 8% used [0x00000000fa300000,0x00000000fa664010,0x00000000fcc80000)
  to   space 41472K, 0% used [0x00000000fd500000,0x00000000fd500000,0x00000000ffd80000)
 ParOldGen       total 153088K, used 62415K [0x00000000d0000000, 0x00000000d9580000, 0x00000000f0000000)
  object space 153088K, 40% used [0x00000000d0000000,0x00000000d3cf3f28,0x00000000d9580000)
 PSPermGen       total 98816K, used 57536K [0x00000000b8000000, 0x00000000be080000, 0x00000000d0000000)
  object space 98816K, 58% used [0x00000000b8000000,0x00000000bb830288,0x00000000be080000)
Event: 37.285 GC heap after
Heap after GC invocations=21 (full 3):
 PSYoungGen      total 217088K, used 8977K [0x00000000f0000000, 0x00000000ffb00000, 0x0000000100000000)
  eden space 178176K, 0% used [0x00000000f0000000,0x00000000f0000000,0x00000000fae00000)
  from space 38912K, 23% used [0x00000000fd500000,0x00000000fddc4768,0x00000000ffb00000)
  to   space 39424K, 0% used [0x00000000fae00000,0x00000000fae00000,0x00000000fd480000)
 ParOldGen       total 153088K, used 62415K [0x00000000d0000000, 0x00000000d9580000, 0x00000000f0000000)
  object space 153088K, 40% used [0x00000000d0000000,0x00000000d3cf3f28,0x00000000d9580000)
 PSPermGen       total 98816K, used 57536K [0x00000000b8000000, 0x00000000be080000, 0x00000000d0000000)
  object space 98816K, 58% used [0x00000000b8000000,0x00000000bb830288,0x00000000be080000)
}

Deoptimization events (10 events):
Event: 33.519 Thread 0x000000000ad09800 Uncommon trap: reason=class_check action=maybe_recompile pc=0x0000000002714cf8 method=scala.reflect.ClassTag$class.newArray(Lscala/reflect/ClassTag;I)Ljava/lang/Object; @ 1
Event: 33.904 Thread 0x000000000ad09800 Uncommon trap: reason=array_check action=maybe_recompile pc=0x0000000002755a08 method=java.util.AbstractCollection.toArray([Ljava/lang/Object;)[Ljava/lang/Object; @ 119
Event: 33.904 Thread 0x000000000ad09800 Uncommon trap: reason=array_check action=maybe_recompile pc=0x0000000002755a08 method=java.util.AbstractCollection.toArray([Ljava/lang/Object;)[Ljava/lang/Object; @ 119
Event: 33.904 Thread 0x000000000ad09800 Uncommon trap: reason=array_check action=maybe_recompile pc=0x0000000002755a08 method=java.util.AbstractCollection.toArray([Ljava/lang/Object;)[Ljava/lang/Object; @ 119
Event: 33.904 Thread 0x000000000ad09800 Uncommon trap: reason=array_check action=maybe_recompile pc=0x0000000002755a08 method=java.util.AbstractCollection.toArray([Ljava/lang/Object;)[Ljava/lang/Object; @ 119
Event: 34.098 Thread 0x000000000ad09800 Uncommon trap: reason=array_check action=maybe_recompile pc=0x0000000002762a00 method=java.util.Arrays.fill([Ljava/lang/Object;Ljava/lang/Object;)V @ 13
Event: 35.451 Thread 0x000000000ad09800 Uncommon trap: reason=null_check action=make_not_entrant pc=0x000000000278b390 method=com.sun.org.apache.xerces.internal.utils.XMLLimitAnalyzer.isTracking(Ljava/lang/String;)Z @ 14
Event: 35.493 Thread 0x000000000ad09800 Uncommon trap: reason=predicate action=maybe_recompile pc=0x0000000002771e04 method=java.util.AbstractCollection.toArray()[Ljava/lang/Object; @ 21
Event: 37.287 Thread 0x0000000007f58800 Uncommon trap: reason=unreached action=reinterpret pc=0x00000000023c5508 method=java.lang.ref.ReferenceQueue.poll()Ljava/lang/ref/Reference; @ 4
Event: 37.402 Thread 0x000000000ad09800 Uncommon trap: reason=unreached action=reinterpret pc=0x00000000027b0228 method=org.apache.ivy.core.module.id.ModuleRules.getRules(Ljava/util/Map;Lorg/apache/ivy/util/filter/Filter;)[Ljava/lang/Object; @ 31

Internal exceptions (10 events):
Event: 34.031 Thread 0x000000000ad09800 Threw 0x00000000f85ed4c8 at C:\re\jdk7u45\229\hotspot\src\share\vm\prims\jvm.cpp:1244
Event: 34.038 Thread 0x000000000ad09800 Threw 0x00000000f8622370 at C:\re\jdk7u45\229\hotspot\src\share\vm\prims\jvm.cpp:1244
Event: 34.038 Thread 0x000000000ad09800 Threw 0x00000000f8623588 at C:\re\jdk7u45\229\hotspot\src\share\vm\prims\jvm.cpp:1244
Event: 34.038 Thread 0x000000000ad09800 Threw 0x00000000f86286b8 at C:\re\jdk7u45\229\hotspot\src\share\vm\prims\jvm.cpp:1244
Event: 34.038 Thread 0x000000000ad09800 Threw 0x00000000f86299e0 at C:\re\jdk7u45\229\hotspot\src\share\vm\prims\jvm.cpp:1244
Event: 34.039 Thread 0x000000000ad09800 Threw 0x00000000f86305c0 at C:\re\jdk7u45\229\hotspot\src\share\vm\prims\jvm.cpp:1244
Event: 34.039 Thread 0x000000000ad09800 Threw 0x00000000f86316d0 at C:\re\jdk7u45\229\hotspot\src\share\vm\prims\jvm.cpp:1244
Event: 34.132 Thread 0x000000000ad09800 Threw 0x00000000f87a5bc8 at C:\re\jdk7u45\229\hotspot\src\share\vm\prims\jvm.cpp:1244
Event: 34.132 Thread 0x000000000ad09800 Threw 0x00000000f87a6e08 at C:\re\jdk7u45\229\hotspot\src\share\vm\prims\jvm.cpp:1244
Event: 35.451 Thread 0x000000000ad09800 Implicit null exception at 0x0000000002789854 to 0x000000000278b37c

Events (10 events):
Event: 37.402 Thread 0x000000000ad09800 DEOPT UNPACKING pc=0x0000000002279064 sp=0x000000000debcbc8 mode 2
Event: 37.469 Thread 0x0000000007faf000 flushing nmethod 0x0000000002410510
Event: 37.530 Thread 0x0000000007fb9000 flushing nmethod 0x0000000002499c10
Event: 37.540 Thread 0x0000000007fb9000 flushing nmethod 0x0000000002688e90
Event: 37.623 Thread 0x0000000007fb9000 flushing nmethod 0x0000000002714910
Event: 37.623 Thread 0x0000000007fb9000 flushing nmethod 0x00000000027556d0
Event: 37.837 loading class 0x0000000001dc60c0
Event: 37.837 loading class 0x0000000001dc60c0 done
Event: 38.593 loading class 0x0000000001dcdaf0
Event: 38.593 loading class 0x0000000001dcdaf0 done


Dynamic libraries:
0x000000013fd90000 - 0x000000013fdc3000 	C:\Program Files\Java\jdk7\bin\java.exe
0x0000000077140000 - 0x00000000772e9000 	C:\Windows\SYSTEM32\ntdll.dll
0x0000000077020000 - 0x000000007713f000 	C:\Windows\system32\kernel32.dll
0x000007fefd280000 - 0x000007fefd2ec000 	C:\Windows\system32\KERNELBASE.dll
0x000007fefd9f0000 - 0x000007fefdacb000 	C:\Windows\system32\ADVAPI32.dll
0x000007feff3b0000 - 0x000007feff44f000 	C:\Windows\system32\msvcrt.dll
0x000007feff300000 - 0x000007feff31f000 	C:\Windows\SYSTEM32\sechost.dll
0x000007fefdad0000 - 0x000007fefdbfd000 	C:\Windows\system32\RPCRT4.dll
0x0000000076f20000 - 0x000000007701a000 	C:\Windows\system32\USER32.dll
0x000007fefd7a0000 - 0x000007fefd807000 	C:\Windows\system32\GDI32.dll
0x000007fefd790000 - 0x000007fefd79e000 	C:\Windows\system32\LPK.dll
0x000007fefeef0000 - 0x000007fefefb9000 	C:\Windows\system32\USP10.dll
0x000007fefb740000 - 0x000007fefb934000 	C:\Windows\WinSxS\amd64_microsoft.windows.common-controls_6595b64144ccf1df_6.0.7601.17514_none_fa396087175ac9ac\COMCTL32.dll
0x000007feff320000 - 0x000007feff391000 	C:\Windows\system32\SHLWAPI.dll
0x000007feff020000 - 0x000007feff04e000 	C:\Windows\system32\IMM32.DLL
0x000007fefd4e0000 - 0x000007fefd5e9000 	C:\Windows\system32\MSCTF.dll
0x0000000058e40000 - 0x0000000058f12000 	C:\Program Files\Java\jdk7\jre\bin\msvcr100.dll
0x0000000056f90000 - 0x0000000057759000 	C:\Program Files\Java\jdk7\jre\bin\server\jvm.dll
0x000007fef6a20000 - 0x000007fef6a29000 	C:\Windows\system32\WSOCK32.dll
0x000007fefd490000 - 0x000007fefd4dd000 	C:\Windows\system32\WS2_32.dll
0x000007feff3a0000 - 0x000007feff3a8000 	C:\Windows\system32\NSI.dll
0x000007fefa650000 - 0x000007fefa68b000 	C:\Windows\system32\WINMM.dll
0x0000000077300000 - 0x0000000077307000 	C:\Windows\system32\PSAPI.DLL
0x000000005c360000 - 0x000000005c36f000 	C:\Program Files\Java\jdk7\jre\bin\verify.dll
0x000000005c330000 - 0x000000005c358000 	C:\Program Files\Java\jdk7\jre\bin\java.dll
0x00000000599d0000 - 0x00000000599e5000 	C:\Program Files\Java\jdk7\jre\bin\zip.dll
0x00000000599b0000 - 0x00000000599c9000 	C:\Program Files\Java\jdk7\jre\bin\net.dll
0x000007fefc6e0000 - 0x000007fefc735000 	C:\Windows\system32\mswsock.dll
0x000007fefc970000 - 0x000007fefc977000 	C:\Windows\System32\wship6.dll
0x0000000059990000 - 0x00000000599a1000 	C:\Program Files\Java\jdk7\jre\bin\nio.dll
0x000007fefc740000 - 0x000007fefc757000 	C:\Windows\system32\CRYPTSP.dll
0x000007fefc450000 - 0x000007fefc497000 	C:\Windows\system32\rsaenh.dll
0x000007fefd260000 - 0x000007fefd27e000 	C:\Windows\system32\USERENV.dll
0x000007fefcf80000 - 0x000007fefcf8f000 	C:\Windows\system32\profapi.dll
0x000007fefcdd0000 - 0x000007fefcddf000 	C:\Windows\system32\CRYPTBASE.dll
0x000007fefa4d0000 - 0x000007fefa4e5000 	C:\Windows\system32\NLAapi.dll
0x000007fef87d0000 - 0x000007fef87e5000 	C:\Windows\system32\napinsp.dll
0x000007fef87f0000 - 0x000007fef8809000 	C:\Windows\system32\pnrpnsp.dll
0x000007fefc570000 - 0x000007fefc5cb000 	C:\Windows\system32\DNSAPI.dll
0x000007fef87c0000 - 0x000007fef87cb000 	C:\Windows\System32\winrnr.dll
0x000007fefbdb0000 - 0x000007fefbdb7000 	C:\Windows\System32\wshtcpip.dll
0x000007fef9e70000 - 0x000007fef9e97000 	C:\Windows\system32\IPHLPAPI.DLL
0x000007fef9e60000 - 0x000007fef9e6b000 	C:\Windows\system32\WINNSI.DLL
0x000007fef8810000 - 0x000007fef8818000 	C:\Windows\system32\rasadhlp.dll
0x000007fef9410000 - 0x000007fef9463000 	C:\Windows\System32\fwpuclnt.dll
0x000007fef90d0000 - 0x000007fef90da000 	C:\Users\krzywick\AppData\Local\Temp\jansi-64-1-8761381506766736028.11

VM Arguments:
jvm_args: -Djline.terminal=jline.UnsupportedTerminal -Dsbt.log.noformat=true -Xmx768M -XX:MaxPermSize=384M -Dplay.version=2.2.1 -Dsbt.ivy.home=M:\.ivy2 
java_command: C:/Program Files (x86)/sbt/bin/sbt-launch.jar < C:/Users/krzywick/AppData/Local/Temp/sbt-commands2858577754824361894.lst
Launcher Type: SUN_STANDARD

Environment Variables:
JAVA_HOME=C:\Program Files\Java\jdk7
PATH=C:\Windows\system32;C:\Windows;C:\Windows\System32\Wbem;C:\Windows\System32\WindowsPowerShell\v1.0\;C:\Program Files\Maven\bin;C:\Program Files\Git\cmd;C:\Program Files (x86)\Vagrant\bin;C:\Program Files\Matlab\R2013a\runtime\win64;C:\Program Files\Matlab\R2013a\bin;C:\Program Files\Python27;C:\Program Files (x86)\erl6.1\bin;C:\Program Files (x86)\sbt\\bin;C:\Program Files (x86)\scala\bin;C:\Program Files\TortoiseSVN\bin;M:\MiKTeX\miktex\bin\x64\
USERNAME=krzywick
OS=Windows_NT
PROCESSOR_IDENTIFIER=Intel64 Family 6 Model 44 Stepping 2, GenuineIntel



---------------  S Y S T E M  ---------------

OS: Windows 7 , 64 bit Build 7601 Service Pack 1

CPU:total 2 (2 cores per cpu, 1 threads per core) family 6 model 44 stepping 2, cmov, cx8, fxsr, mmx, sse, sse2, sse3, ssse3, sse4.1, sse4.2, popcnt, aes, tsc, tscinvbit, tscinv

Memory: 4k page, physical 4193848k(127636k free), swap 8177172k(5220k free)

vm_info: Java HotSpot(TM) 64-Bit Server VM (24.45-b08) for windows-amd64 JRE (1.7.0_45-b18), built on Oct  8 2013 05:47:22 by "java_re" with unknown MS VC++:1600

time: Thu Jan 15 18:04:27 2015
elapsed time: 38 seconds

