#
# There is insufficient memory for the Java Runtime Environment to continue.
# Native memory allocation (malloc) failed to allocate 1627792 bytes for Chunk::new
# Possible reasons:
#   The system is out of physical RAM or swap space
#   In 32 bit mode, the process size limit was hit
# Possible solutions:
#   Reduce memory load on the system
#   Increase physical memory or swap space
#   Check if swap backing store is full
#   Use 64 bit Java on a 64 bit OS
#   Decrease Java heap size (-Xmx/-Xms)
#   Decrease number of Java threads
#   Decrease Java thread stack sizes (-Xss)
#   Set larger code cache with -XX:ReservedCodeCacheSize=
# This output file may be truncated or incomplete.
#
#  Out of Memory Error (allocation.cpp:323), pid=14288, tid=14008
#
# JRE version: Java(TM) SE Runtime Environment (7.0_45-b18) (build 1.7.0_45-b18)
# Java VM: Java HotSpot(TM) 64-Bit Server VM (24.45-b08 mixed mode windows-amd64 compressed oops)
# Failed to write core dump. Minidumps are not enabled by default on client versions of Windows
#

---------------  T H R E A D  ---------------

Current thread (0x0000000007f8e800):  JavaThread "C2 CompilerThread0" daemon [_thread_in_native, id=14008, stack(0x00000000092a0000,0x00000000093a0000)]

Stack: [0x00000000092a0000,0x00000000093a0000]

Current CompileTask:
C2:  18683 1336             scala.tools.nsc.symtab.SymbolLoaders::enterClassAndModule (239 bytes)


---------------  P R O C E S S  ---------------

Java Threads: ( => current thread )
  0x000000000b031800 JavaThread "pool-2-thread-5" [_thread_in_vm, id=13644, stack(0x000000000bf40000,0x000000000c040000)]
  0x000000000af1e000 JavaThread "pool-2-thread-4" [_thread_blocked, id=7132, stack(0x000000000bcd0000,0x000000000bdd0000)]
  0x000000000af3d800 JavaThread "pool-2-thread-3" [_thread_blocked, id=1524, stack(0x000000000a5b0000,0x000000000a6b0000)]
  0x000000000af3c800 JavaThread "pool-2-thread-2" [_thread_blocked, id=3084, stack(0x000000000a8d0000,0x000000000a9d0000)]
  0x000000000af3e000 JavaThread "pool-2-thread-1" [_thread_blocked, id=13920, stack(0x000000000bac0000,0x000000000bbc0000)]
  0x0000000007fa2000 JavaThread "Service Thread" daemon [_thread_blocked, id=14080, stack(0x00000000095d0000,0x00000000096d0000)]
  0x0000000007f9e000 JavaThread "C2 CompilerThread1" daemon [_thread_in_native, id=14064, stack(0x00000000093f0000,0x00000000094f0000)]
=>0x0000000007f8e800 JavaThread "C2 CompilerThread0" daemon [_thread_in_native, id=14008, stack(0x00000000092a0000,0x00000000093a0000)]
  0x0000000007f8c800 JavaThread "Attach Listener" daemon [_thread_blocked, id=14128, stack(0x00000000090c0000,0x00000000091c0000)]
  0x0000000007f8b000 JavaThread "Signal Dispatcher" daemon [_thread_blocked, id=13972, stack(0x0000000008e20000,0x0000000008f20000)]
  0x0000000007f38800 JavaThread "Finalizer" daemon [_thread_blocked, id=14100, stack(0x0000000008c60000,0x0000000008d60000)]
  0x0000000001e7a800 JavaThread "Reference Handler" daemon [_thread_blocked, id=14164, stack(0x0000000008b10000,0x0000000008c10000)]
  0x0000000001c1f000 JavaThread "main" [_thread_blocked, id=13656, stack(0x0000000002050000,0x0000000002150000)]

Other Threads:
  0x0000000007f32000 VMThread [stack: 0x00000000089c0000,0x0000000008ac0000] [id=10792]
  0x0000000007fbe000 WatcherThread [stack: 0x00000000088c0000,0x00000000089c0000] [id=13800]

VM state:not at safepoint (normal execution)

VM Mutex/Monitor currently owned by a thread: None

Heap
 PSYoungGen      total 142848K, used 18726K [0x00000000f0000000, 0x00000000f9a00000, 0x0000000100000000)
  eden space 129536K, 14% used [0x00000000f0000000,0x00000000f1249928,0x00000000f7e80000)
  from space 13312K, 0% used [0x00000000f7e80000,0x00000000f7e80000,0x00000000f8b80000)
  to   space 11776K, 0% used [0x00000000f8b80000,0x00000000f8b80000,0x00000000f9700000)
 ParOldGen       total 55808K, used 54580K [0x00000000d0000000, 0x00000000d3680000, 0x00000000f0000000)
  object space 55808K, 97% used [0x00000000d0000000,0x00000000d354d338,0x00000000d3680000)
 PSPermGen       total 49664K, used 49168K [0x00000000b8000000, 0x00000000bb080000, 0x00000000d0000000)
  object space 49664K, 99% used [0x00000000b8000000,0x00000000bb004010,0x00000000bb080000)

Card table byte_map: [0x0000000005150000,0x00000000053a0000] byte_map_base: 0x0000000004b90000

Polling page: 0x0000000000210000

Code Cache  [0x0000000002150000, 0x00000000023e0000, 0x0000000005150000)
 total_blobs=1609 nmethods=1231 adapters=328 free_code_cache=46704Kb largest_free_block=47707328

Compilation events (10 events):
Event: 18.373 Thread 0x0000000007f9e000 1331             scala.tools.nsc.symtab.SymbolLoaders::initializeFromClassPath (392 bytes)
Event: 18.381 Thread 0x0000000007f8e800 1332             scala.tools.nsc.util.ClassPath$ClassRep::source (5 bytes)
Event: 18.382 Thread 0x0000000007f8e800 nmethod 1332 0x0000000002296a10 code [0x0000000002296b40, 0x0000000002296b98]
Event: 18.382 Thread 0x0000000007f8e800 1333             scala.tools.nsc.Global$$anon$3::newClassLoader (9 bytes)
Event: 18.384 Thread 0x0000000007f8e800 nmethod 1333 0x00000000022955d0 code [0x0000000002295740, 0x0000000002295908]
Event: 18.384 Thread 0x0000000007f8e800 1334             scala.tools.nsc.Global$$anon$3::newClassLoader (6 bytes)
Event: 18.387 Thread 0x0000000007f8e800 nmethod 1334 0x00000000023c50d0 code [0x00000000023c5220, 0x00000000023c53a8]
Event: 18.387 Thread 0x0000000007f8e800 1335             scala.tools.nsc.backend.JavaPlatform$class::newClassLoader (18 bytes)
Event: 18.389 Thread 0x0000000007f8e800 nmethod 1335 0x00000000022d9a90 code [0x00000000022d9be0, 0x00000000022d9da8]
Event: 18.389 Thread 0x0000000007f8e800 1336             scala.tools.nsc.symtab.SymbolLoaders::enterClassAndModule (239 bytes)

GC Heap History (10 events):
Event: 5.902 GC heap before
{Heap before GC invocations=6 (full 0):
 PSYoungGen      total 36352K, used 36340K [0x00000000f0000000, 0x00000000f5300000, 0x0000000100000000)
  eden space 33792K, 100% used [0x00000000f0000000,0x00000000f2100000,0x00000000f2100000)
  from space 2560K, 99% used [0x00000000f2100000,0x00000000f237d060,0x00000000f2380000)
  to   space 8704K, 0% used [0x00000000f4a80000,0x00000000f4a80000,0x00000000f5300000)
 ParOldGen       total 43520K, used 13236K [0x00000000d0000000, 0x00000000d2a80000, 0x00000000f0000000)
  object space 43520K, 30% used [0x00000000d0000000,0x00000000d0ced3b8,0x00000000d2a80000)
 PSPermGen       total 31744K, used 31282K [0x00000000b8000000, 0x00000000b9f00000, 0x00000000d0000000)
  object space 31744K, 98% used [0x00000000b8000000,0x00000000b9e8cb48,0x00000000b9f00000)
Event: 5.924 GC heap after
Heap after GC invocations=6 (full 0):
 PSYoungGen      total 74240K, used 8696K [0x00000000f0000000, 0x00000000f5700000, 0x0000000100000000)
  eden space 65536K, 0% used [0x00000000f0000000,0x00000000f0000000,0x00000000f4000000)
  from space 8704K, 99% used [0x00000000f4a80000,0x00000000f52fe0d8,0x00000000f5300000)
  to   space 10752K, 0% used [0x00000000f4000000,0x00000000f4000000,0x00000000f4a80000)
 ParOldGen       total 43520K, used 14043K [0x00000000d0000000, 0x00000000d2a80000, 0x00000000f0000000)
  object space 43520K, 32% used [0x00000000d0000000,0x00000000d0db6d60,0x00000000d2a80000)
 PSPermGen       total 31744K, used 31282K [0x00000000b8000000, 0x00000000b9f00000, 0x00000000d0000000)
  object space 31744K, 98% used [0x00000000b8000000,0x00000000b9e8cb48,0x00000000b9f00000)
}
Event: 8.989 GC heap before
{Heap before GC invocations=7 (full 0):
 PSYoungGen      total 74240K, used 74232K [0x00000000f0000000, 0x00000000f5700000, 0x0000000100000000)
  eden space 65536K, 100% used [0x00000000f0000000,0x00000000f4000000,0x00000000f4000000)
  from space 8704K, 99% used [0x00000000f4a80000,0x00000000f52fe0d8,0x00000000f5300000)
  to   space 10752K, 0% used [0x00000000f4000000,0x00000000f4000000,0x00000000f4a80000)
 ParOldGen       total 43520K, used 14043K [0x00000000d0000000, 0x00000000d2a80000, 0x00000000f0000000)
  object space 43520K, 32% used [0x00000000d0000000,0x00000000d0db6d60,0x00000000d2a80000)
 PSPermGen       total 38400K, used 37937K [0x00000000b8000000, 0x00000000ba580000, 0x00000000d0000000)
  object space 38400K, 98% used [0x00000000b8000000,0x00000000ba50c630,0x00000000ba580000)
Event: 9.018 GC heap after
Heap after GC invocations=7 (full 0):
 PSYoungGen      total 76288K, used 9229K [0x00000000f0000000, 0x00000000f9700000, 0x0000000100000000)
  eden space 65536K, 0% used [0x00000000f0000000,0x00000000f0000000,0x00000000f4000000)
  from space 10752K, 85% used [0x00000000f4000000,0x00000000f4903748,0x00000000f4a80000)
  to   space 11776K, 0% used [0x00000000f8b80000,0x00000000f8b80000,0x00000000f9700000)
 ParOldGen       total 43520K, used 15075K [0x00000000d0000000, 0x00000000d2a80000, 0x00000000f0000000)
  object space 43520K, 34% used [0x00000000d0000000,0x00000000d0eb8f88,0x00000000d2a80000)
 PSPermGen       total 38400K, used 37937K [0x00000000b8000000, 0x00000000ba580000, 0x00000000d0000000)
  object space 38400K, 98% used [0x00000000b8000000,0x00000000ba50c630,0x00000000ba580000)
}
Event: 10.398 GC heap before
{Heap before GC invocations=8 (full 0):
 PSYoungGen      total 76288K, used 74765K [0x00000000f0000000, 0x00000000f9700000, 0x0000000100000000)
  eden space 65536K, 100% used [0x00000000f0000000,0x00000000f4000000,0x00000000f4000000)
  from space 10752K, 85% used [0x00000000f4000000,0x00000000f4903748,0x00000000f4a80000)
  to   space 11776K, 0% used [0x00000000f8b80000,0x00000000f8b80000,0x00000000f9700000)
 ParOldGen       total 43520K, used 15075K [0x00000000d0000000, 0x00000000d2a80000, 0x00000000f0000000)
  object space 43520K, 34% used [0x00000000d0000000,0x00000000d0eb8f88,0x00000000d2a80000)
 PSPermGen       total 42496K, used 42012K [0x00000000b8000000, 0x00000000ba980000, 0x00000000d0000000)
  object space 42496K, 98% used [0x00000000b8000000,0x00000000ba907208,0x00000000ba980000)
Event: 10.426 GC heap after
Heap after GC invocations=8 (full 0):
 PSYoungGen      total 141312K, used 11470K [0x00000000f0000000, 0x00000000f9a00000, 0x0000000100000000)
  eden space 129536K, 0% used [0x00000000f0000000,0x00000000f0000000,0x00000000f7e80000)
  from space 11776K, 97% used [0x00000000f8b80000,0x00000000f96b3a78,0x00000000f9700000)
  to   space 13312K, 0% used [0x00000000f7e80000,0x00000000f7e80000,0x00000000f8b80000)
 ParOldGen       total 43520K, used 15827K [0x00000000d0000000, 0x00000000d2a80000, 0x00000000f0000000)
  object space 43520K, 36% used [0x00000000d0000000,0x00000000d0f74fa8,0x00000000d2a80000)
 PSPermGen       total 42496K, used 42012K [0x00000000b8000000, 0x00000000ba980000, 0x00000000d0000000)
  object space 42496K, 98% used [0x00000000b8000000,0x00000000ba907208,0x00000000ba980000)
}
Event: 16.073 GC heap before
{Heap before GC invocations=9 (full 0):
 PSYoungGen      total 141312K, used 141006K [0x00000000f0000000, 0x00000000f9a00000, 0x0000000100000000)
  eden space 129536K, 100% used [0x00000000f0000000,0x00000000f7e80000,0x00000000f7e80000)
  from space 11776K, 97% used [0x00000000f8b80000,0x00000000f96b3a78,0x00000000f9700000)
  to   space 13312K, 0% used [0x00000000f7e80000,0x00000000f7e80000,0x00000000f8b80000)
 ParOldGen       total 43520K, used 15827K [0x00000000d0000000, 0x00000000d2a80000, 0x00000000f0000000)
  object space 43520K, 36% used [0x00000000d0000000,0x00000000d0f74fa8,0x00000000d2a80000)
 PSPermGen       total 48128K, used 47774K [0x00000000b8000000, 0x00000000baf00000, 0x00000000d0000000)
  object space 48128K, 99% used [0x00000000b8000000,0x00000000baea78e8,0x00000000baf00000)
Event: 16.297 GC heap after
Heap after GC invocations=9 (full 0):
 PSYoungGen      total 142848K, used 13284K [0x00000000f0000000, 0x00000000f9a00000, 0x0000000100000000)
  eden space 129536K, 0% used [0x00000000f0000000,0x00000000f0000000,0x00000000f7e80000)
  from space 13312K, 99% used [0x00000000f7e80000,0x00000000f8b79030,0x00000000f8b80000)
  to   space 11776K, 0% used [0x00000000f8b80000,0x00000000f8b80000,0x00000000f9700000)
 ParOldGen       total 55808K, used 55640K [0x00000000d0000000, 0x00000000d3680000, 0x00000000f0000000)
  object space 55808K, 99% used [0x00000000d0000000,0x00000000d3656370,0x00000000d3680000)
 PSPermGen       total 48128K, used 47774K [0x00000000b8000000, 0x00000000baf00000, 0x00000000d0000000)
  object space 48128K, 99% used [0x00000000b8000000,0x00000000baea78e8,0x00000000baf00000)
}
Event: 16.297 GC heap before
{Heap before GC invocations=10 (full 1):
 PSYoungGen      total 142848K, used 13284K [0x00000000f0000000, 0x00000000f9a00000, 0x0000000100000000)
  eden space 129536K, 0% used [0x00000000f0000000,0x00000000f0000000,0x00000000f7e80000)
  from space 13312K, 99% used [0x00000000f7e80000,0x00000000f8b79030,0x00000000f8b80000)
  to   space 11776K, 0% used [0x00000000f8b80000,0x00000000f8b80000,0x00000000f9700000)
 ParOldGen       total 55808K, used 55640K [0x00000000d0000000, 0x00000000d3680000, 0x00000000f0000000)
  object space 55808K, 99% used [0x00000000d0000000,0x00000000d3656370,0x00000000d3680000)
 PSPermGen       total 48128K, used 47774K [0x00000000b8000000, 0x00000000baf00000, 0x00000000d0000000)
  object space 48128K, 99% used [0x00000000b8000000,0x00000000baea78e8,0x00000000baf00000)
Event: 17.740 GC heap after
Heap after GC invocations=10 (full 1):
 PSYoungGen      total 142848K, used 0K [0x00000000f0000000, 0x00000000f9a00000, 0x0000000100000000)
  eden space 129536K, 0% used [0x00000000f0000000,0x00000000f0000000,0x00000000f7e80000)
  from space 13312K, 0% used [0x00000000f7e80000,0x00000000f7e80000,0x00000000f8b80000)
  to   space 11776K, 0% used [0x00000000f8b80000,0x00000000f8b80000,0x00000000f9700000)
 ParOldGen       total 55808K, used 54580K [0x00000000d0000000, 0x00000000d3680000, 0x00000000f0000000)
  object space 55808K, 97% used [0x00000000d0000000,0x00000000d354d338,0x00000000d3680000)
 PSPermGen       total 48128K, used 47723K [0x00000000b8000000, 0x00000000baf00000, 0x00000000d0000000)
  object space 48128K, 99% used [0x00000000b8000000,0x00000000bae9af40,0x00000000baf00000)
}

Deoptimization events (10 events):
Event: 18.552 Thread 0x000000000b031800 Uncommon trap: reason=unreached action=reinterpret pc=0x00000000021f4ed4 method=java.lang.ref.ReferenceQueue.poll()Ljava/lang/ref/Reference; @ 4
Event: 18.573 Thread 0x000000000b031800 Uncommon trap: reason=unreached action=reinterpret pc=0x000000000237c3ec method=scala.reflect.internal.Types$Type.findMembers(JJ)Lscala/reflect/internal/Scopes$Scope; @ 330
Event: 18.594 Thread 0x000000000b031800 Uncommon trap: reason=bimorphic action=maybe_recompile pc=0x000000000238c044 method=scala.reflect.internal.Symbols$ModuleClassSymbol.typeOfThis()Lscala/reflect/internal/Types$Type; @ 47
Event: 18.595 Thread 0x000000000b031800 Uncommon trap: reason=bimorphic action=maybe_recompile pc=0x000000000238c044 method=scala.reflect.internal.Symbols$ModuleClassSymbol.typeOfThis()Lscala/reflect/internal/Types$Type; @ 47
Event: 18.599 Thread 0x000000000b031800 Uncommon trap: reason=bimorphic action=maybe_recompile pc=0x000000000238c044 method=scala.reflect.internal.Symbols$ModuleClassSymbol.typeOfThis()Lscala/reflect/internal/Types$Type; @ 47
Event: 18.599 Thread 0x000000000b031800 Uncommon trap: reason=bimorphic action=maybe_recompile pc=0x000000000238c044 method=scala.reflect.internal.Symbols$ModuleClassSymbol.typeOfThis()Lscala/reflect/internal/Types$Type; @ 47
Event: 18.600 Thread 0x000000000b031800 Uncommon trap: reason=unreached action=reinterpret pc=0x00000000022efa58 method=scala.reflect.internal.Symbols$TypeHistory.<init>(Lscala/reflect/internal/SymbolTable;ILscala/reflect/internal/Types$Type;Lscala/reflect/internal/Symbols$TypeHistory;)V @ 46
Event: 18.600 Thread 0x000000000b031800 Uncommon trap: reason=unreached action=reinterpret pc=0x0000000002327874 method=scala.reflect.internal.Symbols$Symbol.originalInfo()Lscala/reflect/internal/Types$Type; @ 20
Event: 18.600 Thread 0x000000000b031800 Uncommon trap: reason=unreached action=reinterpret pc=0x000000000236bad0 method=scala.reflect.internal.Symbols$Symbol.originalInfo()Lscala/reflect/internal/Types$Type; @ 20
Event: 18.600 Thread 0x000000000b031800 Uncommon trap: reason=unreached action=reinterpret pc=0x0000000002376e64 method=scala.reflect.internal.Symbols$Symbol.originalInfo()Lscala/reflect/internal/Types$Type; @ 20

Internal exceptions (10 events):
Event: 18.611 Thread 0x000000000b031800 Threw 0x00000000f1199818 at C:\re\jdk7u45\229\hotspot\src\share\vm\prims\jvm.cpp:1244
Event: 18.612 Thread 0x000000000b031800 Threw 0x00000000f119f280 at C:\re\jdk7u45\229\hotspot\src\share\vm\prims\jvm.cpp:1244
Event: 18.612 Thread 0x000000000b031800 Threw 0x00000000f11a3d60 at C:\re\jdk7u45\229\hotspot\src\share\vm\prims\jvm.cpp:1244
Event: 18.613 Thread 0x000000000b031800 Threw 0x00000000f11a8658 at C:\re\jdk7u45\229\hotspot\src\share\vm\prims\jvm.cpp:1244
Event: 18.613 Thread 0x000000000b031800 Threw 0x00000000f11ad138 at C:\re\jdk7u45\229\hotspot\src\share\vm\prims\jvm.cpp:1244
Event: 18.614 Thread 0x000000000b031800 Threw 0x00000000f11b1f70 at C:\re\jdk7u45\229\hotspot\src\share\vm\prims\jvm.cpp:1244
Event: 18.615 Thread 0x000000000b031800 Threw 0x00000000f11b74d8 at C:\re\jdk7u45\229\hotspot\src\share\vm\prims\jvm.cpp:1244
Event: 18.615 Thread 0x000000000b031800 Threw 0x00000000f11bbc10 at C:\re\jdk7u45\229\hotspot\src\share\vm\prims\jvm.cpp:1244
Event: 18.616 Thread 0x000000000b031800 Threw 0x00000000f11c1510 at C:\re\jdk7u45\229\hotspot\src\share\vm\prims\jvm.cpp:1244
Event: 18.627 Thread 0x000000000b031800 Threw 0x00000000f11d9400 at C:\re\jdk7u45\229\hotspot\src\share\vm\prims\jvm.cpp:1244

Events (10 events):
Event: 18.600 Thread 0x000000000b031800 DEOPT UNPACKING pc=0x0000000002189064 sp=0x000000000c038558 mode 2
Event: 18.600 Thread 0x000000000b031800 Uncommon trap: trap_request=0xffffffad fr.pc=0x0000000002327874
Event: 18.600 Thread 0x000000000b031800 DEOPT PACKING pc=0x0000000002327874 sp=0x000000000c038270
Event: 18.600 Thread 0x000000000b031800 DEOPT UNPACKING pc=0x0000000002189064 sp=0x000000000c0381b0 mode 2
Event: 18.600 Thread 0x000000000b031800 Uncommon trap: trap_request=0xffffffad fr.pc=0x000000000236bad0
Event: 18.600 Thread 0x000000000b031800 DEOPT PACKING pc=0x000000000236bad0 sp=0x000000000c037fe0
Event: 18.600 Thread 0x000000000b031800 DEOPT UNPACKING pc=0x0000000002189064 sp=0x000000000c037f80 mode 2
Event: 18.600 Thread 0x000000000b031800 Uncommon trap: trap_request=0xffffffad fr.pc=0x0000000002376e64
Event: 18.600 Thread 0x000000000b031800 DEOPT PACKING pc=0x0000000002376e64 sp=0x000000000c038650
Event: 18.600 Thread 0x000000000b031800 DEOPT UNPACKING pc=0x0000000002189064 sp=0x000000000c0384f8 mode 2


Dynamic libraries:
0x000000013f3f0000 - 0x000000013f423000 	C:\Program Files\Java\jdk7\bin\java.exe
0x0000000077140000 - 0x00000000772e9000 	C:\Windows\SYSTEM32\ntdll.dll
0x0000000077020000 - 0x000000007713f000 	C:\Windows\system32\kernel32.dll
0x000007fefd280000 - 0x000007fefd2ec000 	C:\Windows\system32\KERNELBASE.dll
0x000007fefd9f0000 - 0x000007fefdacb000 	C:\Windows\system32\ADVAPI32.dll
0x000007feff3b0000 - 0x000007feff44f000 	C:\Windows\system32\msvcrt.dll
0x000007feff300000 - 0x000007feff31f000 	C:\Windows\SYSTEM32\sechost.dll
0x000007fefdad0000 - 0x000007fefdbfd000 	C:\Windows\system32\RPCRT4.dll
0x0000000076f20000 - 0x000000007701a000 	C:\Windows\system32\USER32.dll
0x000007fefd7a0000 - 0x000007fefd807000 	C:\Windows\system32\GDI32.dll
0x000007fefd790000 - 0x000007fefd79e000 	C:\Windows\system32\LPK.dll
0x000007fefeef0000 - 0x000007fefefb9000 	C:\Windows\system32\USP10.dll
0x000007fefb740000 - 0x000007fefb934000 	C:\Windows\WinSxS\amd64_microsoft.windows.common-controls_6595b64144ccf1df_6.0.7601.17514_none_fa396087175ac9ac\COMCTL32.dll
0x000007feff320000 - 0x000007feff391000 	C:\Windows\system32\SHLWAPI.dll
0x000007feff020000 - 0x000007feff04e000 	C:\Windows\system32\IMM32.DLL
0x000007fefd4e0000 - 0x000007fefd5e9000 	C:\Windows\system32\MSCTF.dll
0x0000000058e40000 - 0x0000000058f12000 	C:\Program Files\Java\jdk7\jre\bin\msvcr100.dll
0x0000000056f90000 - 0x0000000057759000 	C:\Program Files\Java\jdk7\jre\bin\server\jvm.dll
0x000007fef6a20000 - 0x000007fef6a29000 	C:\Windows\system32\WSOCK32.dll
0x000007fefd490000 - 0x000007fefd4dd000 	C:\Windows\system32\WS2_32.dll
0x000007feff3a0000 - 0x000007feff3a8000 	C:\Windows\system32\NSI.dll
0x000007fefa650000 - 0x000007fefa68b000 	C:\Windows\system32\WINMM.dll
0x0000000077300000 - 0x0000000077307000 	C:\Windows\system32\PSAPI.DLL
0x000000005c360000 - 0x000000005c36f000 	C:\Program Files\Java\jdk7\jre\bin\verify.dll
0x000000005c330000 - 0x000000005c358000 	C:\Program Files\Java\jdk7\jre\bin\java.dll
0x00000000599d0000 - 0x00000000599e5000 	C:\Program Files\Java\jdk7\jre\bin\zip.dll
0x00000000599b0000 - 0x00000000599c9000 	C:\Program Files\Java\jdk7\jre\bin\net.dll
0x000007fefc6e0000 - 0x000007fefc735000 	C:\Windows\system32\mswsock.dll
0x000007fefc970000 - 0x000007fefc977000 	C:\Windows\System32\wship6.dll
0x0000000059990000 - 0x00000000599a1000 	C:\Program Files\Java\jdk7\jre\bin\nio.dll
0x000007fefc740000 - 0x000007fefc757000 	C:\Windows\system32\CRYPTSP.dll
0x000007fefc450000 - 0x000007fefc497000 	C:\Windows\system32\rsaenh.dll
0x000007fefd260000 - 0x000007fefd27e000 	C:\Windows\system32\USERENV.dll
0x000007fefcf80000 - 0x000007fefcf8f000 	C:\Windows\system32\profapi.dll
0x000007fefcdd0000 - 0x000007fefcddf000 	C:\Windows\system32\CRYPTBASE.dll
0x000007fefa4d0000 - 0x000007fefa4e5000 	C:\Windows\system32\NLAapi.dll
0x000007fef87d0000 - 0x000007fef87e5000 	C:\Windows\system32\napinsp.dll
0x000007fef87f0000 - 0x000007fef8809000 	C:\Windows\system32\pnrpnsp.dll
0x000007fefc570000 - 0x000007fefc5cb000 	C:\Windows\system32\DNSAPI.dll
0x000007fef87c0000 - 0x000007fef87cb000 	C:\Windows\System32\winrnr.dll
0x000007fefbdb0000 - 0x000007fefbdb7000 	C:\Windows\System32\wshtcpip.dll
0x000007fef9e70000 - 0x000007fef9e97000 	C:\Windows\system32\IPHLPAPI.DLL
0x000007fef9e60000 - 0x000007fef9e6b000 	C:\Windows\system32\WINNSI.DLL
0x000007fef8810000 - 0x000007fef8818000 	C:\Windows\system32\rasadhlp.dll
0x000007fef9410000 - 0x000007fef9463000 	C:\Windows\System32\fwpuclnt.dll
0x000007fef9150000 - 0x000007fef915a000 	C:\Users\krzywick\AppData\Local\Temp\jansi-64-1-3039233365047085889.11

VM Arguments:
jvm_args: -Djline.terminal=jline.UnsupportedTerminal -Dsbt.log.noformat=true -Xmx768M -XX:MaxPermSize=384M -Dplay.version=2.2.1 -Dsbt.ivy.home=M:\.ivy2 
java_command: C:/Program Files (x86)/sbt/bin/sbt-launch.jar < C:/Users/krzywick/AppData/Local/Temp/sbt-commands6662925300998034584.lst
Launcher Type: SUN_STANDARD

Environment Variables:
JAVA_HOME=C:\Program Files\Java\jdk7
PATH=C:\Windows\system32;C:\Windows;C:\Windows\System32\Wbem;C:\Windows\System32\WindowsPowerShell\v1.0\;C:\Program Files\Maven\bin;C:\Program Files\Git\cmd;C:\Program Files (x86)\Vagrant\bin;C:\Program Files\Matlab\R2013a\runtime\win64;C:\Program Files\Matlab\R2013a\bin;C:\Program Files\Python27;C:\Program Files (x86)\erl6.1\bin;C:\Program Files (x86)\sbt\\bin;C:\Program Files (x86)\scala\bin;C:\Program Files\TortoiseSVN\bin;M:\MiKTeX\miktex\bin\x64\
USERNAME=krzywick
